Using pre-set license
Built from '2020.3/staging' branch; Version is '2020.3.0f1 (c7b5465681fb) revision 13088070'; Using compiler version '192528614'; Build Type 'Release'
OS: 'Windows 10 Pro; OS build 19043.1348; Version 2009; 64bit' Language: 'es' Physical Memory: 16300 MB
BatchMode: 1, IsHumanControllingUs: 0, StartBugReporterOnCrash: 0, Is64bit: 1, IsPro: 0

 COMMAND LINE ARGUMENTS:
C:\Program Files\Unity\Hub\Editor\2020.3.0f1\Editor\Unity.exe
-adb2
-batchMode
-noUpm
-name
AssetImportWorker0
-projectPath
C:/Users/Usser/Desktop/REPOS/UnityInfBasica/Juego-main/JuegoUnity
-logFile
Logs/AssetImportWorker0.log
-srvPort
53072
Successfully changed project path to: C:/Users/Usser/Desktop/REPOS/UnityInfBasica/Juego-main/JuegoUnity
C:/Users/Usser/Desktop/REPOS/UnityInfBasica/Juego-main/JuegoUnity
Using Asset Import Pipeline V2.
Refreshing native plugins compatible for Editor in 70.75 ms, found 1 plugins.
Preloading 0 native plugins for Editor in 0.00 ms.
Initialize engine version: 2020.3.0f1 (c7b5465681fb)
[Subsystems] Discovering subsystems at path C:/Program Files/Unity/Hub/Editor/2020.3.0f1/Editor/Data/Resources/UnitySubsystems
[Subsystems] Discovering subsystems at path C:/Users/Usser/Desktop/REPOS/UnityInfBasica/Juego-main/JuegoUnity/Assets
GfxDevice: creating device client; threaded=0
Direct3D:
    Version:  Direct3D 11.0 [level 11.0]
    Renderer: NVIDIA GeForce GT 740M (ID=0x1292)
    Vendor:   
    VRAM:     2020 MB
    Driver:   21.21.13.7654
Initialize mono
Mono path[0] = 'C:/Program Files/Unity/Hub/Editor/2020.3.0f1/Editor/Data/Managed'
Mono path[1] = 'C:/Program Files/Unity/Hub/Editor/2020.3.0f1/Editor/Data/MonoBleedingEdge/lib/mono/unityjit'
Mono config path = 'C:/Program Files/Unity/Hub/Editor/2020.3.0f1/Editor/Data/MonoBleedingEdge/etc'
Using monoOptions --debugger-agent=transport=dt_socket,embedding=1,server=y,suspend=n,address=127.0.0.1:56784
Begin MonoManager ReloadAssembly
Registering precompiled unity dll's ...
Register platform support module: C:/Program Files/Unity/Hub/Editor/2020.3.0f1/Editor/Data/PlaybackEngines/WindowsStandaloneSupport/UnityEditor.WindowsStandalone.Extensions.dll
Registered in 0.007490 seconds.
Native extension for WindowsStandalone target not found
Refreshing native plugins compatible for Editor in 114.48 ms, found 1 plugins.
Preloading 0 native plugins for Editor in 0.00 ms.
Invoked RoslynAnalysisRunner static constructor.
RoslynAnalysisRunner will not be running.
RoslynAnalysisRunner has terminated.
Mono: successfully reloaded assembly
- Completed reload, in  4.688 seconds
Platform modules already initialized, skipping
Registering precompiled user dll's ...
Registered in 0.003117 seconds.
Begin MonoManager ReloadAssembly
Native extension for WindowsStandalone target not found
Refreshing native plugins compatible for Editor in 100.47 ms, found 1 plugins.
Preloading 0 native plugins for Editor in 0.00 ms.
Invoked RoslynAnalysisRunner static constructor.
RoslynAnalysisRunner will not be running.
RoslynAnalysisRunner has terminated.
Mono: successfully reloaded assembly
- Completed reload, in  2.882 seconds
Platform modules already initialized, skipping
========================================================================
Worker process is ready to serve import requests
Launched and connected shader compiler UnityShaderCompiler.exe after 0.22 seconds
Refreshing native plugins compatible for Editor in 0.73 ms, found 1 plugins.
Preloading 0 native plugins for Editor in 0.00 ms.
Unloading 1808 Unused Serialized files (Serialized files now loaded: 0)
System memory in use before: 84.7 MB.
System memory in use after: 84.6 MB.

Unloading 24 unused Assets to reduce memory usage. Loaded Objects now: 2251.
Total: 4.729800 ms (FindLiveObjects: 0.431100 ms CreateObjectMapping: 0.196600 ms MarkObjects: 3.796100 ms  DeleteObjects: 0.302900 ms)

========================================================================
Received Import Request.
  path: Assets/Scripts/HealthCollectible.cs
  artifactKey: Guid(d1b59508286dfde4daa8d655e912ae53) Importer(815301076,1909f56bfc062723c751e8b465ee728b)
Start importing Assets/Scripts/HealthCollectible.cs using Guid(d1b59508286dfde4daa8d655e912ae53) Importer(815301076,1909f56bfc062723c751e8b465ee728b)  -> (artifact id: '83db5abff3244beaecb9596692b1298e') in 0.131496 seconds
  Import took 0.144295 seconds .

========================================================================
Received Prepare
Refreshing native plugins compatible for Editor in 81.81 ms, found 1 plugins.
Preloading 0 native plugins for Editor in 0.00 ms.
Unloading 10 Unused Serialized files (Serialized files now loaded: 0)
System memory in use before: 49.0 MB.
System memory in use after: 49.0 MB.

Unloading 10 unused Assets to reduce memory usage. Loaded Objects now: 2251.
Total: 4.906400 ms (FindLiveObjects: 0.535400 ms CreateObjectMapping: 0.226600 ms MarkObjects: 3.863800 ms  DeleteObjects: 0.277700 ms)

========================================================================
Received Import Request.
  Time since last request: 94.519670 seconds.
  path: Assets/Scripts/RubyController.cs
  artifactKey: Guid(45c87dac29a4b3143a9b6e1bb220cf1c) Importer(815301076,1909f56bfc062723c751e8b465ee728b)
Start importing Assets/Scripts/RubyController.cs using Guid(45c87dac29a4b3143a9b6e1bb220cf1c) Importer(815301076,1909f56bfc062723c751e8b465ee728b)  -> (artifact id: '8da576612e0dee1a6215c145f67d9a47') in 0.005315 seconds
  Import took 0.011260 seconds .

========================================================================
Received Import Request.
  Time since last request: 0.001769 seconds.
  path: Assets/Scripts/RubyController.cs
  artifactKey: Guid(45c87dac29a4b3143a9b6e1bb220cf1c) Importer(815301076,1909f56bfc062723c751e8b465ee728b)
Start importing Assets/Scripts/RubyController.cs using Guid(45c87dac29a4b3143a9b6e1bb220cf1c) Importer(815301076,1909f56bfc062723c751e8b465ee728b)  -> (artifact id: '8da576612e0dee1a6215c145f67d9a47') in 0.004879 seconds
  Import took 0.010371 seconds .

========================================================================
Received Prepare
Registering precompiled user dll's ...
Registered in 0.002211 seconds.
Begin MonoManager ReloadAssembly
Native extension for WindowsStandalone target not found
Refreshing native plugins compatible for Editor in 0.44 ms, found 1 plugins.
Preloading 0 native plugins for Editor in 0.00 ms.
Invoked RoslynAnalysisRunner static constructor.
RoslynAnalysisRunner will not be running.
RoslynAnalysisRunner has terminated.
Mono: successfully reloaded assembly
- Completed reload, in  1.409 seconds
Platform modules already initialized, skipping
Refreshing native plugins compatible for Editor in 0.67 ms, found 1 plugins.
Preloading 0 native plugins for Editor in 0.00 ms.
Unloading 1803 Unused Serialized files (Serialized files now loaded: 0)
System memory in use before: 84.6 MB.
System memory in use after: 84.6 MB.

Unloading 12 unused Assets to reduce memory usage. Loaded Objects now: 2255.
Total: 2.851600 ms (FindLiveObjects: 0.287300 ms CreateObjectMapping: 0.175400 ms MarkObjects: 2.215100 ms  DeleteObjects: 0.171900 ms)

========================================================================
Received Import Request.
  Time since last request: 289.297072 seconds.
  path: Assets/Art/Sprites/Environmnent
  artifactKey: Guid(28623518bdb8e8143808c62674fcffc3) Importer(815301076,1909f56bfc062723c751e8b465ee728b)
Start importing Assets/Art/Sprites/Environmnent using Guid(28623518bdb8e8143808c62674fcffc3) Importer(815301076,1909f56bfc062723c751e8b465ee728b)  -> (artifact id: 'a20fb8c920828e8d3335e386fdbf4982') in 0.009605 seconds
  Import took 0.014590 seconds .

========================================================================
Received Import Request.
  Time since last request: 0.064831 seconds.
  path: Assets/Art/Sprites/Environmnent/Damageable.png
  artifactKey: Guid(0e15259342e82ee4f813807e5b28c0f3) Importer(815301076,1909f56bfc062723c751e8b465ee728b)
Start importing Assets/Art/Sprites/Environmnent/Damageable.png using Guid(0e15259342e82ee4f813807e5b28c0f3) Importer(815301076,1909f56bfc062723c751e8b465ee728b)  -> (artifact id: 'de04b464817336e77962eeebb0ca2a40') in 0.232896 seconds
  Import took 0.236882 seconds .

========================================================================
Received Import Request.
  Time since last request: 0.000328 seconds.
  path: Assets/Art/Sprites/Environmnent/TreeForeground.png
  artifactKey: Guid(e059f0fb3f4af3e47b60d322bf43a7d6) Importer(815301076,1909f56bfc062723c751e8b465ee728b)
Start importing Assets/Art/Sprites/Environmnent/TreeForeground.png using Guid(e059f0fb3f4af3e47b60d322bf43a7d6) Importer(815301076,1909f56bfc062723c751e8b465ee728b)  -> (artifact id: 'a9f5e5c3e08e239ba19d49ea3db88b28') in 0.018266 seconds
  Import took 0.022442 seconds .

========================================================================
Received Import Request.
  Time since last request: 0.000322 seconds.
  path: Assets/Art/Sprites/Environmnent/DrainCover.png
  artifactKey: Guid(186979b672303144e9af33f5940487e6) Importer(815301076,1909f56bfc062723c751e8b465ee728b)
Start importing Assets/Art/Sprites/Environmnent/DrainCover.png using Guid(186979b672303144e9af33f5940487e6) Importer(815301076,1909f56bfc062723c751e8b465ee728b)  -> (artifact id: '83bc259a87c887d8598a7e498fc4e7b5') in 0.023035 seconds
  Import took 0.027376 seconds .

========================================================================
Received Import Request.
  Time since last request: 0.000366 seconds.
  path: Assets/Art/Sprites/Environmnent/TreeBig2.png
  artifactKey: Guid(36d4547ce489e7041990fd8545a07142) Importer(815301076,1909f56bfc062723c751e8b465ee728b)
Start importing Assets/Art/Sprites/Environmnent/TreeBig2.png using Guid(36d4547ce489e7041990fd8545a07142) Importer(815301076,1909f56bfc062723c751e8b465ee728b)  -> (artifact id: '660b1e692a8cd7a640ffbfa593fa32c4') in 0.017719 seconds
  Import took 0.022026 seconds .

========================================================================
Received Import Request.
  Time since last request: 0.000358 seconds.
  path: Assets/Art/Sprites/Environmnent/TreeLittle.png
  artifactKey: Guid(87d9eec357f7dc14286677f38287ad9e) Importer(815301076,1909f56bfc062723c751e8b465ee728b)
Start importing Assets/Art/Sprites/Environmnent/TreeLittle.png using Guid(87d9eec357f7dc14286677f38287ad9e) Importer(815301076,1909f56bfc062723c751e8b465ee728b)  -> (artifact id: '486200e9db5115a23d748b679874ebf9') in 0.018935 seconds
  Import took 0.023579 seconds .

========================================================================
Received Import Request.
  Time since last request: 0.000328 seconds.
  path: Assets/Art/Sprites/Environmnent/TelegraphPost.png
  artifactKey: Guid(28b3c26f6746b7943aa1168e3c52c292) Importer(815301076,1909f56bfc062723c751e8b465ee728b)
Start importing Assets/Art/Sprites/Environmnent/TelegraphPost.png using Guid(28b3c26f6746b7943aa1168e3c52c292) Importer(815301076,1909f56bfc062723c751e8b465ee728b)  -> (artifact id: '5c7aff51b04723ceacdea0dad0c4a83f') in 0.026927 seconds
  Import took 0.031765 seconds .

========================================================================
Received Import Request.
  Time since last request: 0.000324 seconds.
  path: Assets/Art/Sprites/Environmnent/Mushrooms.png
  artifactKey: Guid(6acbda5bb54c19b4eb60c2674048dac2) Importer(815301076,1909f56bfc062723c751e8b465ee728b)
Start importing Assets/Art/Sprites/Environmnent/Mushrooms.png using Guid(6acbda5bb54c19b4eb60c2674048dac2) Importer(815301076,1909f56bfc062723c751e8b465ee728b)  -> (artifact id: 'fc9c7d418e73378690aa6607b59fe7cb') in 0.021504 seconds
  Import took 0.026801 seconds .

========================================================================
Received Import Request.
  Time since last request: 0.000453 seconds.
  path: Assets/Art/Sprites/Environmnent/TreeShadow.png
  artifactKey: Guid(8640aa53d8475c5409471adcb65826a5) Importer(815301076,1909f56bfc062723c751e8b465ee728b)
Start importing Assets/Art/Sprites/Environmnent/TreeShadow.png using Guid(8640aa53d8475c5409471adcb65826a5) Importer(815301076,1909f56bfc062723c751e8b465ee728b)  -> (artifact id: '66cf72bfe0f555833bd750feec65c9f3') in 0.020450 seconds
  Import took 0.025481 seconds .

========================================================================
Received Import Request.
  Time since last request: 0.000336 seconds.
  path: Assets/Art/Sprites/Environmnent/House.png
  artifactKey: Guid(f27ebbf5c345352429b99a3dec7ae33e) Importer(815301076,1909f56bfc062723c751e8b465ee728b)
Start importing Assets/Art/Sprites/Environmnent/House.png using Guid(f27ebbf5c345352429b99a3dec7ae33e) Importer(815301076,1909f56bfc062723c751e8b465ee728b)  -> (artifact id: 'cbb2ea81857f9dc1618c33a6a2da22d4') in 0.029767 seconds
  Import took 0.033773 seconds .

========================================================================
Received Import Request.
  Time since last request: 0.000311 seconds.
  path: Assets/Art/Sprites/Environmnent/FloorGrassToBricksSquare.png
  artifactKey: Guid(ae39c96545143eb41b1618200a550c81) Importer(815301076,1909f56bfc062723c751e8b465ee728b)
Start importing Assets/Art/Sprites/Environmnent/FloorGrassToBricksSquare.png using Guid(ae39c96545143eb41b1618200a550c81) Importer(815301076,1909f56bfc062723c751e8b465ee728b)  -> (artifact id: '754eecedbc415499c0f3cec8762dffce') in 0.022707 seconds
  Import took 0.027864 seconds .

========================================================================
Received Import Request.
  Time since last request: 0.000333 seconds.
  path: Assets/Art/Sprites/Environmnent/LotusFlower.png
  artifactKey: Guid(010b5c856073f70428956b10534fd3a6) Importer(815301076,1909f56bfc062723c751e8b465ee728b)
Start importing Assets/Art/Sprites/Environmnent/LotusFlower.png using Guid(010b5c856073f70428956b10534fd3a6) Importer(815301076,1909f56bfc062723c751e8b465ee728b)  -> (artifact id: '7649ef82a4e9d636fd1c584209e71492') in 0.021627 seconds
  Import took 0.025685 seconds .

========================================================================
Received Import Request.
  Time since last request: 0.000316 seconds.
  path: Assets/Art/Sprites/Environmnent/FloorWaterSquareCorners.png
  artifactKey: Guid(56dfe645f43c419458abb426118088e5) Importer(815301076,1909f56bfc062723c751e8b465ee728b)
Start importing Assets/Art/Sprites/Environmnent/FloorWaterSquareCorners.png using Guid(56dfe645f43c419458abb426118088e5) Importer(815301076,1909f56bfc062723c751e8b465ee728b)  -> (artifact id: 'dbf8a86fe1276d6f3069a5f3a89f078c') in 0.020533 seconds
  Import took 0.024430 seconds .

========================================================================
Received Import Request.
  Time since last request: 0.000307 seconds.
  path: Assets/Art/Sprites/Environmnent/GrassSmall.png
  artifactKey: Guid(8f629954bb45aa74a8bf21f8e6b95975) Importer(815301076,1909f56bfc062723c751e8b465ee728b)
Start importing Assets/Art/Sprites/Environmnent/GrassSmall.png using Guid(8f629954bb45aa74a8bf21f8e6b95975) Importer(815301076,1909f56bfc062723c751e8b465ee728b)  -> (artifact id: '6fa0a855f2239986a81a4ce4ff3e05b0') in 0.022123 seconds
  Import took 0.026678 seconds .

========================================================================
Received Import Request.
  Time since last request: 0.000310 seconds.
  path: Assets/Art/Sprites/Environmnent/TreeBig3.png
  artifactKey: Guid(1d50d21b43458424aa7759b50224c034) Importer(815301076,1909f56bfc062723c751e8b465ee728b)
Start importing Assets/Art/Sprites/Environmnent/TreeBig3.png using Guid(1d50d21b43458424aa7759b50224c034) Importer(815301076,1909f56bfc062723c751e8b465ee728b)  -> (artifact id: 'bdc08a6d3d55f61b732c861b6889c779') in 0.018517 seconds
  Import took 0.023140 seconds .

========================================================================
Received Prepare
Registering precompiled user dll's ...
Registered in 0.003776 seconds.
Begin MonoManager ReloadAssembly
Native extension for WindowsStandalone target not found
Refreshing native plugins compatible for Editor in 0.41 ms, found 1 plugins.
Preloading 0 native plugins for Editor in 0.00 ms.
Invoked RoslynAnalysisRunner static constructor.
RoslynAnalysisRunner will not be running.
RoslynAnalysisRunner has terminated.
Mono: successfully reloaded assembly
- Completed reload, in  1.131 seconds
Platform modules already initialized, skipping
Refreshing native plugins compatible for Editor in 0.49 ms, found 1 plugins.
Preloading 0 native plugins for Editor in 0.00 ms.
Unloading 1804 Unused Serialized files (Serialized files now loaded: 0)
System memory in use before: 87.8 MB.
System memory in use after: 87.8 MB.

Unloading 12 unused Assets to reduce memory usage. Loaded Objects now: 2282.
Total: 2.837400 ms (FindLiveObjects: 0.275500 ms CreateObjectMapping: 0.164700 ms MarkObjects: 2.256300 ms  DeleteObjects: 0.139700 ms)

========================================================================
Received Import Request.
  Time since last request: 196.894204 seconds.
  path: Assets/Scripts/NewBehaviourScript.cs
  artifactKey: Guid(35ac6b7271c6acb4ab149bd12306ebe9) Importer(815301076,1909f56bfc062723c751e8b465ee728b)
Start importing Assets/Scripts/NewBehaviourScript.cs using Guid(35ac6b7271c6acb4ab149bd12306ebe9) Importer(815301076,1909f56bfc062723c751e8b465ee728b)  -> (artifact id: '4171284a8b685850388d1a89e8587c02') in 0.007504 seconds
  Import took 0.011725 seconds .

========================================================================
Received Import Request.
  Time since last request: 16.659521 seconds.
  path: Assets/Scripts/DamageZone.cs
  artifactKey: Guid(35ac6b7271c6acb4ab149bd12306ebe9) Importer(815301076,1909f56bfc062723c751e8b465ee728b)
Start importing Assets/Scripts/DamageZone.cs using Guid(35ac6b7271c6acb4ab149bd12306ebe9) Importer(815301076,1909f56bfc062723c751e8b465ee728b)  -> (artifact id: 'ed8400ab9c9a9694012ff8eb22fe6e61') in 0.004881 seconds
  Import took 0.009464 seconds .

========================================================================
Received Prepare
Registering precompiled user dll's ...
Registered in 0.002124 seconds.
Begin MonoManager ReloadAssembly
Native extension for WindowsStandalone target not found
Refreshing native plugins compatible for Editor in 0.50 ms, found 1 plugins.
Preloading 0 native plugins for Editor in 0.00 ms.
Invoked RoslynAnalysisRunner static constructor.
RoslynAnalysisRunner will not be running.
RoslynAnalysisRunner has terminated.
Mono: successfully reloaded assembly
- Completed reload, in  1.414 seconds
Platform modules already initialized, skipping
Refreshing native plugins compatible for Editor in 0.70 ms, found 1 plugins.
Preloading 0 native plugins for Editor in 0.00 ms.
Unloading 1804 Unused Serialized files (Serialized files now loaded: 0)
System memory in use before: 87.8 MB.
System memory in use after: 87.8 MB.

Unloading 12 unused Assets to reduce memory usage. Loaded Objects now: 2286.
Total: 6.694600 ms (FindLiveObjects: 1.304400 ms CreateObjectMapping: 0.305000 ms MarkObjects: 4.878500 ms  DeleteObjects: 0.204300 ms)

========================================================================
Received Prepare
Registering precompiled user dll's ...
Registered in 0.002271 seconds.
Begin MonoManager ReloadAssembly
Native extension for WindowsStandalone target not found
Refreshing native plugins compatible for Editor in 0.49 ms, found 1 plugins.
Preloading 0 native plugins for Editor in 0.00 ms.
Invoked RoslynAnalysisRunner static constructor.
RoslynAnalysisRunner will not be running.
RoslynAnalysisRunner has terminated.
Mono: successfully reloaded assembly
- Completed reload, in  1.146 seconds
Platform modules already initialized, skipping
Refreshing native plugins compatible for Editor in 0.43 ms, found 1 plugins.
Preloading 0 native plugins for Editor in 0.00 ms.
Unloading 1804 Unused Serialized files (Serialized files now loaded: 0)
System memory in use before: 87.8 MB.
System memory in use after: 87.8 MB.

Unloading 12 unused Assets to reduce memory usage. Loaded Objects now: 2290.
Total: 2.914700 ms (FindLiveObjects: 0.357200 ms CreateObjectMapping: 0.136700 ms MarkObjects: 2.275500 ms  DeleteObjects: 0.143500 ms)

========================================================================
Received Import Request.
  Time since last request: 156.036982 seconds.
  path: Assets/Scripts/DamageZone.cs
  artifactKey: Guid(35ac6b7271c6acb4ab149bd12306ebe9) Importer(815301076,1909f56bfc062723c751e8b465ee728b)
Start importing Assets/Scripts/DamageZone.cs using Guid(35ac6b7271c6acb4ab149bd12306ebe9) Importer(815301076,1909f56bfc062723c751e8b465ee728b)  -> (artifact id: 'aeda055e4e7fc037f8cabfa95edf565f') in 0.007797 seconds
  Import took 0.012202 seconds .

========================================================================
Received Import Request.
  Time since last request: 75.038988 seconds.
  path: Assets/Prefabs/Ruby.prefab
  artifactKey: Guid(2c9359cfe744a03428f96d94e5cb55db) Importer(815301076,1909f56bfc062723c751e8b465ee728b)
Start importing Assets/Prefabs/Ruby.prefab using Guid(2c9359cfe744a03428f96d94e5cb55db) Importer(815301076,1909f56bfc062723c751e8b465ee728b)  -> (artifact id: '0b565ccaa26f06dc241f4a4cba179f34') in 0.080386 seconds
  Import took 0.085287 seconds .

========================================================================
Received Prepare
Registering precompiled user dll's ...
Registered in 0.003086 seconds.
Begin MonoManager ReloadAssembly
Native extension for WindowsStandalone target not found
Refreshing native plugins compatible for Editor in 0.46 ms, found 1 plugins.
Preloading 0 native plugins for Editor in 0.00 ms.
Invoked RoslynAnalysisRunner static constructor.
RoslynAnalysisRunner will not be running.
RoslynAnalysisRunner has terminated.
Mono: successfully reloaded assembly
- Completed reload, in  1.244 seconds
Platform modules already initialized, skipping
Refreshing native plugins compatible for Editor in 0.53 ms, found 1 plugins.
Preloading 0 native plugins for Editor in 0.00 ms.
Unloading 1804 Unused Serialized files (Serialized files now loaded: 0)
System memory in use before: 87.9 MB.
System memory in use after: 87.9 MB.

Unloading 12 unused Assets to reduce memory usage. Loaded Objects now: 2298.
Total: 2.787500 ms (FindLiveObjects: 0.244300 ms CreateObjectMapping: 0.108500 ms MarkObjects: 2.275400 ms  DeleteObjects: 0.157700 ms)

========================================================================
Received Import Request.
  Time since last request: 135.009796 seconds.
  path: Assets/Scripts/RubyController.cs
  artifactKey: Guid(45c87dac29a4b3143a9b6e1bb220cf1c) Importer(815301076,1909f56bfc062723c751e8b465ee728b)
Start importing Assets/Scripts/RubyController.cs using Guid(45c87dac29a4b3143a9b6e1bb220cf1c) Importer(815301076,1909f56bfc062723c751e8b465ee728b)  -> (artifact id: '5bb8d998df4d2ecdd5ccee7b4b12c22f') in 0.006919 seconds
  Import took 0.011628 seconds .

========================================================================
Received Prepare
Registering precompiled user dll's ...
Registered in 0.002246 seconds.
Begin MonoManager ReloadAssembly
Native extension for WindowsStandalone target not found
Refreshing native plugins compatible for Editor in 0.49 ms, found 1 plugins.
Preloading 0 native plugins for Editor in 0.00 ms.
Invoked RoslynAnalysisRunner static constructor.
RoslynAnalysisRunner will not be running.
RoslynAnalysisRunner has terminated.
Mono: successfully reloaded assembly
- Completed reload, in  1.358 seconds
Platform modules already initialized, skipping
Refreshing native plugins compatible for Editor in 0.43 ms, found 1 plugins.
Preloading 0 native plugins for Editor in 0.00 ms.
Unloading 1804 Unused Serialized files (Serialized files now loaded: 0)
System memory in use before: 87.9 MB.
System memory in use after: 87.9 MB.

Unloading 12 unused Assets to reduce memory usage. Loaded Objects now: 2302.
Total: 2.725400 ms (FindLiveObjects: 0.229600 ms CreateObjectMapping: 0.105400 ms MarkObjects: 2.249100 ms  DeleteObjects: 0.140000 ms)

========================================================================
Received Import Request.
  Time since last request: 391.415259 seconds.
  path: Assets/Art/Sprites/Environmnent/Damageable.png
  artifactKey: Guid(0e15259342e82ee4f813807e5b28c0f3) Importer(815301076,1909f56bfc062723c751e8b465ee728b)
Start importing Assets/Art/Sprites/Environmnent/Damageable.png using Guid(0e15259342e82ee4f813807e5b28c0f3) Importer(815301076,1909f56bfc062723c751e8b465ee728b)  -> (artifact id: 'ec735bfccc4dd321b5ff7e0a2b6b5588') in 0.072432 seconds
  Import took 0.077603 seconds .

========================================================================
Received Import Request.
  Time since last request: 226.383833 seconds.
  path: Assets/Art/Sprites/Characters
  artifactKey: Guid(ff0aa22beee37e947b64088c003dfa20) Importer(815301076,1909f56bfc062723c751e8b465ee728b)
Start importing Assets/Art/Sprites/Characters using Guid(ff0aa22beee37e947b64088c003dfa20) Importer(815301076,1909f56bfc062723c751e8b465ee728b)  -> (artifact id: '8bfb8373457a4e1fae7ef2e8ad623f65') in 0.003970 seconds
  Import took 0.008802 seconds .

========================================================================
Received Import Request.
  Time since last request: 155.626545 seconds.
  path: Assets/Art/Sprites/Bot.png
  artifactKey: Guid(3c9c37178b63244478ed70829f2fd23f) Importer(815301076,1909f56bfc062723c751e8b465ee728b)
Start importing Assets/Art/Sprites/Bot.png using Guid(3c9c37178b63244478ed70829f2fd23f) Importer(815301076,1909f56bfc062723c751e8b465ee728b)  -> (artifact id: '1a0a5fbdd836934c630e4f44af6ff48a') in 0.032023 seconds
  Import took 0.036878 seconds .

========================================================================
Received Prepare
Registering precompiled user dll's ...
Registered in 0.002243 seconds.
Begin MonoManager ReloadAssembly
Native extension for WindowsStandalone target not found
Refreshing native plugins compatible for Editor in 0.41 ms, found 1 plugins.
Preloading 0 native plugins for Editor in 0.00 ms.
Invoked RoslynAnalysisRunner static constructor.
RoslynAnalysisRunner will not be running.
RoslynAnalysisRunner has terminated.
Mono: successfully reloaded assembly
- Completed reload, in  1.253 seconds
Platform modules already initialized, skipping
Refreshing native plugins compatible for Editor in 0.42 ms, found 1 plugins.
Preloading 0 native plugins for Editor in 0.00 ms.
Unloading 1804 Unused Serialized files (Serialized files now loaded: 0)
System memory in use before: 87.9 MB.
System memory in use after: 87.9 MB.

Unloading 12 unused Assets to reduce memory usage. Loaded Objects now: 2307.
Total: 2.923800 ms (FindLiveObjects: 0.235700 ms CreateObjectMapping: 0.107400 ms MarkObjects: 2.436800 ms  DeleteObjects: 0.142600 ms)

========================================================================
Received Import Request.
  Time since last request: 190.233041 seconds.
  path: Assets/Scripts/EnemyController.cs
  artifactKey: Guid(90e3ee0915ef02c4fa0c50b4bff40b15) Importer(815301076,1909f56bfc062723c751e8b465ee728b)
Start importing Assets/Scripts/EnemyController.cs using Guid(90e3ee0915ef02c4fa0c50b4bff40b15) Importer(815301076,1909f56bfc062723c751e8b465ee728b)  -> (artifact id: '9d0eb69bc0016532669bec2b1fc03770') in 0.011728 seconds
  Import took 0.017284 seconds .

========================================================================
Received Prepare
Registering precompiled user dll's ...
Registered in 0.002438 seconds.
Begin MonoManager ReloadAssembly
Native extension for WindowsStandalone target not found
Refreshing native plugins compatible for Editor in 0.48 ms, found 1 plugins.
Preloading 0 native plugins for Editor in 0.00 ms.
Invoked RoslynAnalysisRunner static constructor.
RoslynAnalysisRunner will not be running.
RoslynAnalysisRunner has terminated.
Mono: successfully reloaded assembly
- Completed reload, in  1.987 seconds
Platform modules already initialized, skipping
Refreshing native plugins compatible for Editor in 0.46 ms, found 1 plugins.
Preloading 0 native plugins for Editor in 0.00 ms.
Unloading 1805 Unused Serialized files (Serialized files now loaded: 0)
System memory in use before: 87.9 MB.
System memory in use after: 87.9 MB.

Unloading 12 unused Assets to reduce memory usage. Loaded Objects now: 2312.
Total: 3.388300 ms (FindLiveObjects: 0.323600 ms CreateObjectMapping: 0.176700 ms MarkObjects: 2.667100 ms  DeleteObjects: 0.218800 ms)

========================================================================
Received Prepare
Registering precompiled user dll's ...
Registered in 0.003224 seconds.
Begin MonoManager ReloadAssembly
Native extension for WindowsStandalone target not found
Refreshing native plugins compatible for Editor in 0.42 ms, found 1 plugins.
Preloading 0 native plugins for Editor in 0.00 ms.
Invoked RoslynAnalysisRunner static constructor.
RoslynAnalysisRunner will not be running.
RoslynAnalysisRunner has terminated.
Mono: successfully reloaded assembly
- Completed reload, in  1.108 seconds
Platform modules already initialized, skipping
Refreshing native plugins compatible for Editor in 0.45 ms, found 1 plugins.
Preloading 0 native plugins for Editor in 0.00 ms.
Unloading 1805 Unused Serialized files (Serialized files now loaded: 0)
System memory in use before: 87.9 MB.
System memory in use after: 87.9 MB.

Unloading 12 unused Assets to reduce memory usage. Loaded Objects now: 2316.
Total: 2.749000 ms (FindLiveObjects: 0.214600 ms CreateObjectMapping: 0.106600 ms MarkObjects: 2.294800 ms  DeleteObjects: 0.131700 ms)

========================================================================
Received Import Request.
  Time since last request: 70.473054 seconds.
  path: Assets/Scripts/EnemyController.cs
  artifactKey: Guid(90e3ee0915ef02c4fa0c50b4bff40b15) Importer(815301076,1909f56bfc062723c751e8b465ee728b)
Start importing Assets/Scripts/EnemyController.cs using Guid(90e3ee0915ef02c4fa0c50b4bff40b15) Importer(815301076,1909f56bfc062723c751e8b465ee728b)  -> (artifact id: '24f39013dbcceddb3fe3b5214039634a') in 0.006971 seconds
  Import took 0.010963 seconds .

========================================================================
Received Prepare
Registering precompiled user dll's ...
Registered in 0.002204 seconds.
Begin MonoManager ReloadAssembly
Native extension for WindowsStandalone target not found
Refreshing native plugins compatible for Editor in 0.46 ms, found 1 plugins.
Preloading 0 native plugins for Editor in 0.00 ms.
Invoked RoslynAnalysisRunner static constructor.
RoslynAnalysisRunner will not be running.
RoslynAnalysisRunner has terminated.
Mono: successfully reloaded assembly
- Completed reload, in  1.165 seconds
Platform modules already initialized, skipping
Refreshing native plugins compatible for Editor in 0.41 ms, found 1 plugins.
Preloading 0 native plugins for Editor in 0.00 ms.
Unloading 1804 Unused Serialized files (Serialized files now loaded: 0)
System memory in use before: 87.9 MB.
System memory in use after: 87.9 MB.

Unloading 13 unused Assets to reduce memory usage. Loaded Objects now: 2319.
Total: 3.045300 ms (FindLiveObjects: 0.261500 ms CreateObjectMapping: 0.109100 ms MarkObjects: 2.532600 ms  DeleteObjects: 0.141000 ms)

========================================================================
Received Prepare
Registering precompiled user dll's ...
Registered in 0.002250 seconds.
Begin MonoManager ReloadAssembly
Native extension for WindowsStandalone target not found
Refreshing native plugins compatible for Editor in 0.44 ms, found 1 plugins.
Preloading 0 native plugins for Editor in 0.00 ms.
Invoked RoslynAnalysisRunner static constructor.
RoslynAnalysisRunner will not be running.
RoslynAnalysisRunner has terminated.
Mono: successfully reloaded assembly
- Completed reload, in  1.181 seconds
Platform modules already initialized, skipping
Refreshing native plugins compatible for Editor in 0.45 ms, found 1 plugins.
Preloading 0 native plugins for Editor in 0.00 ms.
Unloading 1805 Unused Serialized files (Serialized files now loaded: 0)
System memory in use before: 87.9 MB.
System memory in use after: 87.9 MB.

Unloading 12 unused Assets to reduce memory usage. Loaded Objects now: 2324.
Total: 3.111800 ms (FindLiveObjects: 0.230300 ms CreateObjectMapping: 0.105000 ms MarkObjects: 2.638300 ms  DeleteObjects: 0.136800 ms)

========================================================================
Received Prepare
Registering precompiled user dll's ...
Registered in 0.022694 seconds.
Begin MonoManager ReloadAssembly
Native extension for WindowsStandalone target not found
Refreshing native plugins compatible for Editor in 0.44 ms, found 1 plugins.
Preloading 0 native plugins for Editor in 0.00 ms.
Invoked RoslynAnalysisRunner static constructor.
RoslynAnalysisRunner will not be running.
RoslynAnalysisRunner has terminated.
Mono: successfully reloaded assembly
- Completed reload, in  1.103 seconds
Platform modules already initialized, skipping
Refreshing native plugins compatible for Editor in 0.44 ms, found 1 plugins.
Preloading 0 native plugins for Editor in 0.00 ms.
Unloading 1805 Unused Serialized files (Serialized files now loaded: 0)
System memory in use before: 87.9 MB.
System memory in use after: 87.9 MB.

Unloading 12 unused Assets to reduce memory usage. Loaded Objects now: 2328.
Total: 2.606600 ms (FindLiveObjects: 0.223500 ms CreateObjectMapping: 0.105600 ms MarkObjects: 2.128500 ms  DeleteObjects: 0.147900 ms)

========================================================================
Received Import Request.
  Time since last request: 186.909545 seconds.
  path: Assets/Scripts/EnemyController.cs
  artifactKey: Guid(90e3ee0915ef02c4fa0c50b4bff40b15) Importer(815301076,1909f56bfc062723c751e8b465ee728b)
Start importing Assets/Scripts/EnemyController.cs using Guid(90e3ee0915ef02c4fa0c50b4bff40b15) Importer(815301076,1909f56bfc062723c751e8b465ee728b)  -> (artifact id: 'c2b863315931b257ade8dfa42b9343a6') in 0.006957 seconds
  Import took 0.011108 seconds .

========================================================================
Received Prepare
Registering precompiled user dll's ...
Registered in 0.003101 seconds.
Begin MonoManager ReloadAssembly
Native extension for WindowsStandalone target not found
Refreshing native plugins compatible for Editor in 0.48 ms, found 1 plugins.
Preloading 0 native plugins for Editor in 0.00 ms.
Invoked RoslynAnalysisRunner static constructor.
RoslynAnalysisRunner will not be running.
RoslynAnalysisRunner has terminated.
Mono: successfully reloaded assembly
- Completed reload, in  1.118 seconds
Platform modules already initialized, skipping
Refreshing native plugins compatible for Editor in 0.41 ms, found 1 plugins.
Preloading 0 native plugins for Editor in 0.00 ms.
Unloading 1805 Unused Serialized files (Serialized files now loaded: 0)
System memory in use before: 88.0 MB.
System memory in use after: 88.0 MB.

Unloading 12 unused Assets to reduce memory usage. Loaded Objects now: 2332.
Total: 2.774900 ms (FindLiveObjects: 0.227600 ms CreateObjectMapping: 0.109800 ms MarkObjects: 2.300700 ms  DeleteObjects: 0.135500 ms)

========================================================================
Received Import Request.
  Time since last request: 105.711009 seconds.
  path: Assets/Scripts/EnemyController.cs
  artifactKey: Guid(90e3ee0915ef02c4fa0c50b4bff40b15) Importer(815301076,1909f56bfc062723c751e8b465ee728b)
Start importing Assets/Scripts/EnemyController.cs using Guid(90e3ee0915ef02c4fa0c50b4bff40b15) Importer(815301076,1909f56bfc062723c751e8b465ee728b)  -> (artifact id: '97ff4e16932c39b23d9bb8918ac80483') in 0.007150 seconds
  Import took 0.011156 seconds .

========================================================================
Received Import Request.
  Time since last request: 196.206897 seconds.
  path: Assets/Scripts/RubyController.cs
  artifactKey: Guid(45c87dac29a4b3143a9b6e1bb220cf1c) Importer(815301076,1909f56bfc062723c751e8b465ee728b)
Start importing Assets/Scripts/RubyController.cs using Guid(45c87dac29a4b3143a9b6e1bb220cf1c) Importer(815301076,1909f56bfc062723c751e8b465ee728b)  -> (artifact id: '3bbac8cde8337b8f986510ed3993a45a') in 0.004937 seconds
  Import took 0.011236 seconds .

========================================================================
Received Prepare
Registering precompiled user dll's ...
Registered in 0.002270 seconds.
Begin MonoManager ReloadAssembly
Native extension for WindowsStandalone target not found
Refreshing native plugins compatible for Editor in 0.46 ms, found 1 plugins.
Preloading 0 native plugins for Editor in 0.00 ms.
Invoked RoslynAnalysisRunner static constructor.
RoslynAnalysisRunner will not be running.
RoslynAnalysisRunner has terminated.
Mono: successfully reloaded assembly
- Completed reload, in  1.201 seconds
Platform modules already initialized, skipping
Refreshing native plugins compatible for Editor in 0.45 ms, found 1 plugins.
Preloading 0 native plugins for Editor in 0.00 ms.
Unloading 1805 Unused Serialized files (Serialized files now loaded: 0)
System memory in use before: 88.0 MB.
System memory in use after: 88.0 MB.

Unloading 12 unused Assets to reduce memory usage. Loaded Objects now: 2336.
Total: 2.862000 ms (FindLiveObjects: 0.235500 ms CreateObjectMapping: 0.107600 ms MarkObjects: 2.356500 ms  DeleteObjects: 0.161100 ms)

========================================================================
Received Import Request.
  Time since last request: 160.461827 seconds.
  path: Assets/Prefabs/Ruby.prefab
  artifactKey: Guid(2c9359cfe744a03428f96d94e5cb55db) Importer(815301076,1909f56bfc062723c751e8b465ee728b)
Start importing Assets/Prefabs/Ruby.prefab using Guid(2c9359cfe744a03428f96d94e5cb55db) Importer(815301076,1909f56bfc062723c751e8b465ee728b)  -> (artifact id: '200010c801da0a04e40eebef94112fb9') in 0.099941 seconds
  Import took 0.104976 seconds .

========================================================================
Received Import Request.
  Time since last request: 4.108797 seconds.
  path: Assets/Prefabs/Bot.prefab
  artifactKey: Guid(b788a09e77c41dd4399a4316657bd518) Importer(815301076,1909f56bfc062723c751e8b465ee728b)
Start importing Assets/Prefabs/Bot.prefab using Guid(b788a09e77c41dd4399a4316657bd518) Importer(815301076,1909f56bfc062723c751e8b465ee728b)  -> (artifact id: '7ac4b5c8e3420a340189d7ed2064b465') in 0.749811 seconds
  Import took 0.755235 seconds .

========================================================================
Received Import Request.
  Time since last request: 3.715023 seconds.
  path: Assets/Prefabs/Damageable.prefab
  artifactKey: Guid(27f4296ae4f883640bce25cf9ae91ece) Importer(815301076,1909f56bfc062723c751e8b465ee728b)
Start importing Assets/Prefabs/Damageable.prefab using Guid(27f4296ae4f883640bce25cf9ae91ece) Importer(815301076,1909f56bfc062723c751e8b465ee728b)  -> (artifact id: '09c06c4353677fa970800514b42d7165') in 0.013619 seconds
  Import took 0.017789 seconds .

========================================================================
Received Import Request.
  Time since last request: 0.000589 seconds.
  path: Assets/Prefabs/Damageable.prefab
  artifactKey: Guid(27f4296ae4f883640bce25cf9ae91ece) Importer(815301076,1909f56bfc062723c751e8b465ee728b)
Start importing Assets/Prefabs/Damageable.prefab using Guid(27f4296ae4f883640bce25cf9ae91ece) Importer(815301076,1909f56bfc062723c751e8b465ee728b)  -> (artifact id: '09c06c4353677fa970800514b42d7165') in 0.012218 seconds
  Import took 0.016332 seconds .

========================================================================
Received Import Request.
  Time since last request: 47.619324 seconds.
  path: Assets/Prefabs/Bot.prefab
  artifactKey: Guid(b788a09e77c41dd4399a4316657bd518) Importer(815301076,1909f56bfc062723c751e8b465ee728b)
Start importing Assets/Prefabs/Bot.prefab using Guid(b788a09e77c41dd4399a4316657bd518) Importer(815301076,1909f56bfc062723c751e8b465ee728b)  -> (artifact id: '762e1528e3cb8549bd6d52f598ab6645') in 0.020458 seconds
  Import took 0.024864 seconds .

========================================================================
Received Import Request.
  Time since last request: 56.861003 seconds.
  path: Assets/Art/Animations
  artifactKey: Guid(c2511782ee2ec2049bd34dd5311d72e0) Importer(815301076,1909f56bfc062723c751e8b465ee728b)
Start importing Assets/Art/Animations using Guid(c2511782ee2ec2049bd34dd5311d72e0) Importer(815301076,1909f56bfc062723c751e8b465ee728b)  -> (artifact id: 'ece535396d4f3f56c2d910781e2fc3b5') in 0.006710 seconds
  Import took 0.012656 seconds .

========================================================================
Received Import Request.
  Time since last request: 0.000920 seconds.
  path: Assets/Art/Animations
  artifactKey: Guid(c2511782ee2ec2049bd34dd5311d72e0) Importer(815301076,1909f56bfc062723c751e8b465ee728b)
Start importing Assets/Art/Animations using Guid(c2511782ee2ec2049bd34dd5311d72e0) Importer(815301076,1909f56bfc062723c751e8b465ee728b)  -> (artifact id: 'ece535396d4f3f56c2d910781e2fc3b5') in 0.003933 seconds
  Import took 0.008143 seconds .

========================================================================
Received Import Request.
  Time since last request: 25.700529 seconds.
  path: Assets/Art/Animations/Robot.controller
  artifactKey: Guid(4954d1ecd3f86d3458c52ab6c0969b40) Importer(815301076,1909f56bfc062723c751e8b465ee728b)
Start importing Assets/Art/Animations/Robot.controller using Guid(4954d1ecd3f86d3458c52ab6c0969b40) Importer(815301076,1909f56bfc062723c751e8b465ee728b)  -> (artifact id: 'd96d167a938217332109dfabe3533ae9') in 0.010516 seconds
  Import took 0.014866 seconds .

========================================================================
Received Import Request.
  Time since last request: 81.031477 seconds.
  path: Assets/Prefabs/Bot.prefab
  artifactKey: Guid(b788a09e77c41dd4399a4316657bd518) Importer(815301076,1909f56bfc062723c751e8b465ee728b)
Start importing Assets/Prefabs/Bot.prefab using Guid(b788a09e77c41dd4399a4316657bd518) Importer(815301076,1909f56bfc062723c751e8b465ee728b) The Animator Controller (Robot) you have used is not valid. Animations will not play
UnityEngine.StackTraceUtility:ExtractStackTrace ()
UnityEditor.EditorUtility:Internal_InstantiateRemoveAllNonAnimationComponentsSingle (UnityEngine.Object,UnityEngine.Vector3,UnityEngine.Quaternion)
UnityEditor.EditorUtility:InstantiateRemoveAllNonAnimationComponents (UnityEngine.Object,UnityEngine.Vector3,UnityEngine.Quaternion)
UnityEditor.EditorUtility:InstantiateForAnimatorPreview (UnityEngine.Object)
UnityEditor.GameObjectInspector/PreviewData:UpdateGameObject (UnityEngine.Object)
UnityEditor.GameObjectInspector/PreviewData:.ctor (UnityEngine.Object)
UnityEditor.GameObjectInspector:GetPreviewData ()
UnityEditor.GameObjectInspector:RenderStaticPreview (string,UnityEngine.Object[],int,int)
UnityEditor.AssetPreviewUpdater:CreatePreviewForAsset (UnityEngine.Object,UnityEngine.Object[],string)

[C:\buildslave\unity\build\Modules/Animation/Director/AnimatorControllerPlayable.cpp line 332]

The Animator Controller (Robot) you have used is not valid. Animations will not play
UnityEngine.StackTraceUtility:ExtractStackTrace ()
UnityEditor.EditorUtility:InitInstantiatedPreviewRecursive (UnityEngine.GameObject)
UnityEditor.EditorUtility:InstantiateForAnimatorPreview (UnityEngine.Object)
UnityEditor.GameObjectInspector/PreviewData:UpdateGameObject (UnityEngine.Object)
UnityEditor.GameObjectInspector/PreviewData:.ctor (UnityEngine.Object)
UnityEditor.GameObjectInspector:GetPreviewData ()
UnityEditor.GameObjectInspector:RenderStaticPreview (string,UnityEngine.Object[],int,int)
UnityEditor.AssetPreviewUpdater:CreatePreviewForAsset (UnityEngine.Object,UnityEngine.Object[],string)

[C:\buildslave\unity\build\Modules/Animation/Director/AnimatorControllerPlayable.cpp line 332]

 -> (artifact id: 'a2e799e0e64fed31cca7c22ef1467837') in 0.017265 seconds
  Import took 0.022177 seconds .

========================================================================
Received Import Request.
  Time since last request: 754.582321 seconds.
  path: Assets/Art/Animations/AnimationClips
  artifactKey: Guid(2dceb00d54b369d4889d2daf5a884a57) Importer(815301076,1909f56bfc062723c751e8b465ee728b)
Start importing Assets/Art/Animations/AnimationClips using Guid(2dceb00d54b369d4889d2daf5a884a57) Importer(815301076,1909f56bfc062723c751e8b465ee728b)  -> (artifact id: '975c955a28bb00654c88472824657721') in 0.005556 seconds
  Import took 0.010700 seconds .

========================================================================
Received Import Request.
  Time since last request: 0.000828 seconds.
  path: Assets/Art/Animations/AnimationClips
  artifactKey: Guid(2dceb00d54b369d4889d2daf5a884a57) Importer(815301076,1909f56bfc062723c751e8b465ee728b)
Start importing Assets/Art/Animations/AnimationClips using Guid(2dceb00d54b369d4889d2daf5a884a57) Importer(815301076,1909f56bfc062723c751e8b465ee728b)  -> (artifact id: '975c955a28bb00654c88472824657721') in 0.004234 seconds
  Import took 0.008414 seconds .

========================================================================
Received Import Request.
  Time since last request: 1.465295 seconds.
  path: Assets/Art/Animations/AnimationClips/Player
  artifactKey: Guid(f3cc884ead1a9b844804335eddacc621) Importer(815301076,1909f56bfc062723c751e8b465ee728b)
Start importing Assets/Art/Animations/AnimationClips/Player using Guid(f3cc884ead1a9b844804335eddacc621) Importer(815301076,1909f56bfc062723c751e8b465ee728b)  -> (artifact id: '62a4ad668184d632d16e2b1fca57adad') in 0.004797 seconds
  Import took 0.009767 seconds .

========================================================================
Received Import Request.
  Time since last request: 0.001428 seconds.
  path: Assets/Art/Animations/AnimationClips/Player
  artifactKey: Guid(f3cc884ead1a9b844804335eddacc621) Importer(815301076,1909f56bfc062723c751e8b465ee728b)
Start importing Assets/Art/Animations/AnimationClips/Player using Guid(f3cc884ead1a9b844804335eddacc621) Importer(815301076,1909f56bfc062723c751e8b465ee728b)  -> (artifact id: '62a4ad668184d632d16e2b1fca57adad') in 0.003692 seconds
  Import took 0.007742 seconds .

========================================================================
Received Import Request.
  Time since last request: 1043.355351 seconds.
  path: Assets/Scripts/EnemyController.cs
  artifactKey: Guid(90e3ee0915ef02c4fa0c50b4bff40b15) Importer(815301076,1909f56bfc062723c751e8b465ee728b)
Start importing Assets/Scripts/EnemyController.cs using Guid(90e3ee0915ef02c4fa0c50b4bff40b15) Importer(815301076,1909f56bfc062723c751e8b465ee728b)  -> (artifact id: '06ec7709086390e4a948db0569fad939') in 0.003949 seconds
  Import took 0.008528 seconds .

========================================================================
Received Prepare
Registering precompiled user dll's ...
Registered in 0.003014 seconds.
Begin MonoManager ReloadAssembly
Native extension for WindowsStandalone target not found
Refreshing native plugins compatible for Editor in 0.42 ms, found 1 plugins.
Preloading 0 native plugins for Editor in 0.00 ms.
Invoked RoslynAnalysisRunner static constructor.
RoslynAnalysisRunner will not be running.
RoslynAnalysisRunner has terminated.
Mono: successfully reloaded assembly
- Completed reload, in  1.225 seconds
Platform modules already initialized, skipping
Refreshing native plugins compatible for Editor in 0.43 ms, found 1 plugins.
Preloading 0 native plugins for Editor in 0.00 ms.
Unloading 1805 Unused Serialized files (Serialized files now loaded: 0)
System memory in use before: 88.1 MB.
System memory in use after: 88.1 MB.

Unloading 12 unused Assets to reduce memory usage. Loaded Objects now: 2341.
Total: 3.456500 ms (FindLiveObjects: 0.222300 ms CreateObjectMapping: 0.088600 ms MarkObjects: 2.999300 ms  DeleteObjects: 0.145000 ms)

========================================================================
Received Import Request.
  Time since last request: 257.511767 seconds.
  path: Assets/Scripts/EnemyController.cs
  artifactKey: Guid(90e3ee0915ef02c4fa0c50b4bff40b15) Importer(815301076,1909f56bfc062723c751e8b465ee728b)
Start importing Assets/Scripts/EnemyController.cs using Guid(90e3ee0915ef02c4fa0c50b4bff40b15) Importer(815301076,1909f56bfc062723c751e8b465ee728b)  -> (artifact id: 'cf613e88d9177fa7559af9166a6701bb') in 0.007033 seconds
  Import took 0.028837 seconds .

========================================================================
Received Prepare
Registering precompiled user dll's ...
Registered in 0.002310 seconds.
Begin MonoManager ReloadAssembly
Native extension for WindowsStandalone target not found
Refreshing native plugins compatible for Editor in 0.44 ms, found 1 plugins.
Preloading 0 native plugins for Editor in 0.00 ms.
Invoked RoslynAnalysisRunner static constructor.
RoslynAnalysisRunner will not be running.
RoslynAnalysisRunner has terminated.
Mono: successfully reloaded assembly
- Completed reload, in  1.260 seconds
Platform modules already initialized, skipping
Refreshing native plugins compatible for Editor in 0.42 ms, found 1 plugins.
Preloading 0 native plugins for Editor in 0.00 ms.
Unloading 1805 Unused Serialized files (Serialized files now loaded: 0)
System memory in use before: 88.1 MB.
System memory in use after: 88.1 MB.

Unloading 12 unused Assets to reduce memory usage. Loaded Objects now: 2345.
Total: 3.043400 ms (FindLiveObjects: 0.247000 ms CreateObjectMapping: 0.121800 ms MarkObjects: 2.519800 ms  DeleteObjects: 0.152700 ms)

========================================================================
Received Prepare
Registering precompiled user dll's ...
Registered in 0.002324 seconds.
Begin MonoManager ReloadAssembly
Native extension for WindowsStandalone target not found
Refreshing native plugins compatible for Editor in 0.45 ms, found 1 plugins.
Preloading 0 native plugins for Editor in 0.00 ms.
Invoked RoslynAnalysisRunner static constructor.
RoslynAnalysisRunner will not be running.
RoslynAnalysisRunner has terminated.
Mono: successfully reloaded assembly
- Completed reload, in  1.316 seconds
Platform modules already initialized, skipping
Refreshing native plugins compatible for Editor in 0.42 ms, found 1 plugins.
Preloading 0 native plugins for Editor in 0.00 ms.
Unloading 1805 Unused Serialized files (Serialized files now loaded: 0)
System memory in use before: 88.2 MB.
System memory in use after: 88.1 MB.

Unloading 12 unused Assets to reduce memory usage. Loaded Objects now: 2349.
Total: 3.027300 ms (FindLiveObjects: 0.354800 ms CreateObjectMapping: 0.101000 ms MarkObjects: 2.385600 ms  DeleteObjects: 0.184100 ms)

========================================================================
Received Prepare
Registering precompiled user dll's ...
Registered in 0.002152 seconds.
Begin MonoManager ReloadAssembly
Native extension for WindowsStandalone target not found
Refreshing native plugins compatible for Editor in 0.41 ms, found 1 plugins.
Preloading 0 native plugins for Editor in 0.00 ms.
Invoked RoslynAnalysisRunner static constructor.
RoslynAnalysisRunner will not be running.
RoslynAnalysisRunner has terminated.
Mono: successfully reloaded assembly
- Completed reload, in  1.247 seconds
Platform modules already initialized, skipping
Refreshing native plugins compatible for Editor in 0.50 ms, found 1 plugins.
Preloading 0 native plugins for Editor in 0.00 ms.
Unloading 1805 Unused Serialized files (Serialized files now loaded: 0)
System memory in use before: 88.2 MB.
System memory in use after: 88.1 MB.

Unloading 12 unused Assets to reduce memory usage. Loaded Objects now: 2353.
Total: 4.095300 ms (FindLiveObjects: 0.403800 ms CreateObjectMapping: 0.389200 ms MarkObjects: 3.142400 ms  DeleteObjects: 0.158000 ms)

========================================================================
Received Import Request.
  Time since last request: 294.924667 seconds.
  path: Assets/Prefabs/Ruby.prefab
  artifactKey: Guid(2c9359cfe744a03428f96d94e5cb55db) Importer(815301076,1909f56bfc062723c751e8b465ee728b)
Start importing Assets/Prefabs/Ruby.prefab using Guid(2c9359cfe744a03428f96d94e5cb55db) Importer(815301076,1909f56bfc062723c751e8b465ee728b)  -> (artifact id: '41dc4272d67f126c7f8413c3e8e6230e') in 0.078177 seconds
  Import took 0.083517 seconds .

========================================================================
Received Import Request.
  Time since last request: 0.038481 seconds.
  path: Assets/Prefabs/Ruby.prefab
  artifactKey: Guid(2c9359cfe744a03428f96d94e5cb55db) Importer(815301076,1909f56bfc062723c751e8b465ee728b)
Start importing Assets/Prefabs/Ruby.prefab using Guid(2c9359cfe744a03428f96d94e5cb55db) Importer(815301076,1909f56bfc062723c751e8b465ee728b)  -> (artifact id: '41dc4272d67f126c7f8413c3e8e6230e') in 0.013374 seconds
  Import took 0.017977 seconds .

========================================================================
Received Import Request.
  Time since last request: 11.816607 seconds.
  path: Assets/Prefabs/Ruby.prefab
  artifactKey: Guid(2c9359cfe744a03428f96d94e5cb55db) Importer(815301076,1909f56bfc062723c751e8b465ee728b)
Start importing Assets/Prefabs/Ruby.prefab using Guid(2c9359cfe744a03428f96d94e5cb55db) Importer(815301076,1909f56bfc062723c751e8b465ee728b)  -> (artifact id: '1d3901bed020344186ecec56f4f30ee0') in 0.034585 seconds
  Import took 0.039392 seconds .

========================================================================
Received Import Request.
  Time since last request: 0.002084 seconds.
  path: Assets/Prefabs/Ruby.prefab
  artifactKey: Guid(2c9359cfe744a03428f96d94e5cb55db) Importer(815301076,1909f56bfc062723c751e8b465ee728b)
Start importing Assets/Prefabs/Ruby.prefab using Guid(2c9359cfe744a03428f96d94e5cb55db) Importer(815301076,1909f56bfc062723c751e8b465ee728b)  -> (artifact id: '1d3901bed020344186ecec56f4f30ee0') in 0.027617 seconds
  Import took 0.033664 seconds .

========================================================================
Received Prepare
Registering precompiled user dll's ...
Registered in 0.002201 seconds.
Begin MonoManager ReloadAssembly
Native extension for WindowsStandalone target not found
Refreshing native plugins compatible for Editor in 0.42 ms, found 1 plugins.
Preloading 0 native plugins for Editor in 0.00 ms.
Invoked RoslynAnalysisRunner static constructor.
RoslynAnalysisRunner will not be running.
RoslynAnalysisRunner has terminated.
Mono: successfully reloaded assembly
- Completed reload, in  1.221 seconds
Platform modules already initialized, skipping
Refreshing native plugins compatible for Editor in 0.60 ms, found 1 plugins.
Preloading 0 native plugins for Editor in 0.00 ms.
Unloading 1805 Unused Serialized files (Serialized files now loaded: 0)
System memory in use before: 88.2 MB.
System memory in use after: 88.2 MB.

Unloading 12 unused Assets to reduce memory usage. Loaded Objects now: 2358.
Total: 2.874200 ms (FindLiveObjects: 0.214900 ms CreateObjectMapping: 0.086900 ms MarkObjects: 2.406500 ms  DeleteObjects: 0.164700 ms)

========================================================================
Received Import Request.
  Time since last request: 320.920542 seconds.
  path: Assets/Scripts/RubyController.cs
  artifactKey: Guid(45c87dac29a4b3143a9b6e1bb220cf1c) Importer(815301076,1909f56bfc062723c751e8b465ee728b)
Start importing Assets/Scripts/RubyController.cs using Guid(45c87dac29a4b3143a9b6e1bb220cf1c) Importer(815301076,1909f56bfc062723c751e8b465ee728b)  -> (artifact id: '612716974251f29047733ce83e424e5c') in 0.007148 seconds
  Import took 0.011089 seconds .

========================================================================
Received Prepare
Registering precompiled user dll's ...
Registered in 0.002443 seconds.
Begin MonoManager ReloadAssembly
Native extension for WindowsStandalone target not found
Refreshing native plugins compatible for Editor in 0.41 ms, found 1 plugins.
Preloading 0 native plugins for Editor in 0.00 ms.
Invoked RoslynAnalysisRunner static constructor.
RoslynAnalysisRunner will not be running.
RoslynAnalysisRunner has terminated.
Mono: successfully reloaded assembly
- Completed reload, in  1.169 seconds
Platform modules already initialized, skipping
Refreshing native plugins compatible for Editor in 0.41 ms, found 1 plugins.
Preloading 0 native plugins for Editor in 0.00 ms.
Unloading 1805 Unused Serialized files (Serialized files now loaded: 0)
System memory in use before: 88.2 MB.
System memory in use after: 88.2 MB.

Unloading 12 unused Assets to reduce memory usage. Loaded Objects now: 2362.
Total: 3.467800 ms (FindLiveObjects: 0.488100 ms CreateObjectMapping: 0.201500 ms MarkObjects: 2.623700 ms  DeleteObjects: 0.152600 ms)

========================================================================
Received Import Request.
  Time since last request: 36.922256 seconds.
  path: Assets/Scripts/EnemyController.cs
  artifactKey: Guid(90e3ee0915ef02c4fa0c50b4bff40b15) Importer(815301076,1909f56bfc062723c751e8b465ee728b)
Start importing Assets/Scripts/EnemyController.cs using Guid(90e3ee0915ef02c4fa0c50b4bff40b15) Importer(815301076,1909f56bfc062723c751e8b465ee728b)  -> (artifact id: '1c812f8f20e32d5999baa9e567baa75c') in 0.006988 seconds
  Import took 0.011488 seconds .

========================================================================
Received Import Request.
  Time since last request: 57.255193 seconds.
  path: Assets/Prefabs/Bot.prefab
  artifactKey: Guid(b788a09e77c41dd4399a4316657bd518) Importer(815301076,1909f56bfc062723c751e8b465ee728b)
Start importing Assets/Prefabs/Bot.prefab using Guid(b788a09e77c41dd4399a4316657bd518) Importer(815301076,1909f56bfc062723c751e8b465ee728b) BlendTree "Blend Tree" in state "Blend Tree" in Controller "Robot" uses parameter "Blend" which does not exist.
UnityEngine.StackTraceUtility:ExtractStackTrace ()
UnityEditor.EditorUtility:Internal_InstantiateRemoveAllNonAnimationComponentsSingle (UnityEngine.Object,UnityEngine.Vector3,UnityEngine.Quaternion)
UnityEditor.EditorUtility:InstantiateRemoveAllNonAnimationComponents (UnityEngine.Object,UnityEngine.Vector3,UnityEngine.Quaternion)
UnityEditor.EditorUtility:InstantiateForAnimatorPreview (UnityEngine.Object)
UnityEditor.GameObjectInspector/PreviewData:UpdateGameObject (UnityEngine.Object)
UnityEditor.GameObjectInspector/PreviewData:.ctor (UnityEngine.Object)
UnityEditor.GameObjectInspector:GetPreviewData ()
UnityEditor.GameObjectInspector:RenderStaticPreview (string,UnityEngine.Object[],int,int)
UnityEditor.AssetPreviewUpdater:CreatePreviewForAsset (UnityEngine.Object,UnityEngine.Object[],string)

[C:\buildslave\unity\build\Modules\Animation\AnimatorController.cpp line 975]

 -> (artifact id: 'cac03c8c991b95e67e740620db807cac') in 0.069132 seconds
  Import took 0.073795 seconds .

========================================================================
Received Prepare
Registering precompiled user dll's ...
Registered in 0.002363 seconds.
Begin MonoManager ReloadAssembly
Native extension for WindowsStandalone target not found
Refreshing native plugins compatible for Editor in 0.47 ms, found 1 plugins.
Preloading 0 native plugins for Editor in 0.00 ms.
Invoked RoslynAnalysisRunner static constructor.
RoslynAnalysisRunner will not be running.
RoslynAnalysisRunner has terminated.
Mono: successfully reloaded assembly
- Completed reload, in  1.239 seconds
Platform modules already initialized, skipping
Refreshing native plugins compatible for Editor in 0.44 ms, found 1 plugins.
Preloading 0 native plugins for Editor in 0.00 ms.
Unloading 1805 Unused Serialized files (Serialized files now loaded: 0)
System memory in use before: 88.2 MB.
System memory in use after: 88.2 MB.

Unloading 12 unused Assets to reduce memory usage. Loaded Objects now: 2367.
Total: 2.787900 ms (FindLiveObjects: 0.213000 ms CreateObjectMapping: 0.084400 ms MarkObjects: 2.335500 ms  DeleteObjects: 0.153600 ms)

========================================================================
Received Import Request.
  Time since last request: 25.504455 seconds.
  path: Assets/Prefabs/Bot.prefab
  artifactKey: Guid(b788a09e77c41dd4399a4316657bd518) Importer(815301076,1909f56bfc062723c751e8b465ee728b)
Start importing Assets/Prefabs/Bot.prefab using Guid(b788a09e77c41dd4399a4316657bd518) Importer(815301076,1909f56bfc062723c751e8b465ee728b) BlendTree "Blend Tree" in state "Blend Tree" in Controller "Robot" uses parameter "Blend" which does not exist.
UnityEngine.StackTraceUtility:ExtractStackTrace ()
UnityEditor.EditorUtility:Internal_InstantiateRemoveAllNonAnimationComponentsSingle (UnityEngine.Object,UnityEngine.Vector3,UnityEngine.Quaternion)
UnityEditor.EditorUtility:InstantiateRemoveAllNonAnimationComponents (UnityEngine.Object,UnityEngine.Vector3,UnityEngine.Quaternion)
UnityEditor.EditorUtility:InstantiateForAnimatorPreview (UnityEngine.Object)
UnityEditor.GameObjectInspector/PreviewData:UpdateGameObject (UnityEngine.Object)
UnityEditor.GameObjectInspector/PreviewData:.ctor (UnityEngine.Object)
UnityEditor.GameObjectInspector:GetPreviewData ()
UnityEditor.GameObjectInspector:RenderStaticPreview (string,UnityEngine.Object[],int,int)
UnityEditor.AssetPreviewUpdater:CreatePreviewForAsset (UnityEngine.Object,UnityEngine.Object[],string)

[C:\buildslave\unity\build\Modules\Animation\AnimatorController.cpp line 975]

 -> (artifact id: 'ddcca6aa49a3d6fd790e84e98e57716d') in 0.067355 seconds
  Import took 0.071601 seconds .

========================================================================
Received Import Request.
  Time since last request: 22.865062 seconds.
  path: Assets/Scripts/EnemyCtroller.cs
  artifactKey: Guid(90e3ee0915ef02c4fa0c50b4bff40b15) Importer(815301076,1909f56bfc062723c751e8b465ee728b)
Start importing Assets/Scripts/EnemyCtroller.cs using Guid(90e3ee0915ef02c4fa0c50b4bff40b15) Importer(815301076,1909f56bfc062723c751e8b465ee728b)  -> (artifact id: '2d3446ef2f1a9bd1b8bfb6016009195f') in 0.004583 seconds
  Import took 0.009006 seconds .

========================================================================
Received Prepare
Registering precompiled user dll's ...
Registered in 0.002270 seconds.
Begin MonoManager ReloadAssembly
Native extension for WindowsStandalone target not found
Refreshing native plugins compatible for Editor in 0.42 ms, found 1 plugins.
Preloading 0 native plugins for Editor in 0.00 ms.
Invoked RoslynAnalysisRunner static constructor.
RoslynAnalysisRunner will not be running.
RoslynAnalysisRunner has terminated.
Mono: successfully reloaded assembly
- Completed reload, in  1.152 seconds
Platform modules already initialized, skipping
Refreshing native plugins compatible for Editor in 0.43 ms, found 1 plugins.
Preloading 0 native plugins for Editor in 0.00 ms.
Unloading 1805 Unused Serialized files (Serialized files now loaded: 0)
System memory in use before: 88.2 MB.
System memory in use after: 88.2 MB.

Unloading 12 unused Assets to reduce memory usage. Loaded Objects now: 2372.
Total: 2.968700 ms (FindLiveObjects: 0.234400 ms CreateObjectMapping: 0.106300 ms MarkObjects: 2.471600 ms  DeleteObjects: 0.155000 ms)

========================================================================
Received Import Request.
  Time since last request: 13.050028 seconds.
  path: Assets/Scripts/EnemyController.cs
  artifactKey: Guid(5de34f75e64dba241895dcb9dac1f655) Importer(815301076,1909f56bfc062723c751e8b465ee728b)
Start importing Assets/Scripts/EnemyController.cs using Guid(5de34f75e64dba241895dcb9dac1f655) Importer(815301076,1909f56bfc062723c751e8b465ee728b)  -> (artifact id: '411f1b5b1d1082c59f954aef39fc17ba') in 0.007107 seconds
  Import took 0.011279 seconds .

========================================================================
Received Prepare
Registering precompiled user dll's ...
Registered in 0.002199 seconds.
Begin MonoManager ReloadAssembly
Native extension for WindowsStandalone target not found
Refreshing native plugins compatible for Editor in 0.44 ms, found 1 plugins.
Preloading 0 native plugins for Editor in 0.00 ms.
Invoked RoslynAnalysisRunner static constructor.
RoslynAnalysisRunner will not be running.
RoslynAnalysisRunner has terminated.
Mono: successfully reloaded assembly
- Completed reload, in  1.304 seconds
Platform modules already initialized, skipping
Refreshing native plugins compatible for Editor in 0.44 ms, found 1 plugins.
Preloading 0 native plugins for Editor in 0.00 ms.
Unloading 1806 Unused Serialized files (Serialized files now loaded: 0)
System memory in use before: 88.3 MB.
System memory in use after: 88.3 MB.

Unloading 12 unused Assets to reduce memory usage. Loaded Objects now: 2377.
Total: 3.208300 ms (FindLiveObjects: 0.432000 ms CreateObjectMapping: 0.197800 ms MarkObjects: 2.428500 ms  DeleteObjects: 0.148000 ms)

========================================================================
Received Prepare
Registering precompiled user dll's ...
Registered in 0.002237 seconds.
Begin MonoManager ReloadAssembly
Native extension for WindowsStandalone target not found
Refreshing native plugins compatible for Editor in 0.41 ms, found 1 plugins.
Preloading 0 native plugins for Editor in 0.00 ms.
Invoked RoslynAnalysisRunner static constructor.
RoslynAnalysisRunner will not be running.
RoslynAnalysisRunner has terminated.
Mono: successfully reloaded assembly
- Completed reload, in  1.108 seconds
Platform modules already initialized, skipping
Refreshing native plugins compatible for Editor in 0.41 ms, found 1 plugins.
Preloading 0 native plugins for Editor in 0.00 ms.
Unloading 1805 Unused Serialized files (Serialized files now loaded: 0)
System memory in use before: 88.3 MB.
System memory in use after: 88.3 MB.

Unloading 13 unused Assets to reduce memory usage. Loaded Objects now: 2380.
Total: 2.933200 ms (FindLiveObjects: 0.294500 ms CreateObjectMapping: 0.108600 ms MarkObjects: 2.322700 ms  DeleteObjects: 0.205800 ms)

========================================================================
Received Prepare
Registering precompiled user dll's ...
Registered in 0.002276 seconds.
Begin MonoManager ReloadAssembly
Native extension for WindowsStandalone target not found
Refreshing native plugins compatible for Editor in 0.45 ms, found 1 plugins.
Preloading 0 native plugins for Editor in 0.00 ms.
Invoked RoslynAnalysisRunner static constructor.
RoslynAnalysisRunner will not be running.
RoslynAnalysisRunner has terminated.
Mono: successfully reloaded assembly
- Completed reload, in  1.239 seconds
Platform modules already initialized, skipping
Refreshing native plugins compatible for Editor in 0.44 ms, found 1 plugins.
Preloading 0 native plugins for Editor in 0.00 ms.
Unloading 1805 Unused Serialized files (Serialized files now loaded: 0)
System memory in use before: 88.3 MB.
System memory in use after: 88.3 MB.

Unloading 12 unused Assets to reduce memory usage. Loaded Objects now: 2384.
Total: 2.895100 ms (FindLiveObjects: 0.233800 ms CreateObjectMapping: 0.107200 ms MarkObjects: 2.399400 ms  DeleteObjects: 0.153800 ms)

========================================================================
Received Import Request.
  Time since last request: 245.802746 seconds.
  path: Assets/Scripts/EnemyController.cs
  artifactKey: Guid(5de34f75e64dba241895dcb9dac1f655) Importer(815301076,1909f56bfc062723c751e8b465ee728b)
Start importing Assets/Scripts/EnemyController.cs using Guid(5de34f75e64dba241895dcb9dac1f655) Importer(815301076,1909f56bfc062723c751e8b465ee728b)  -> (artifact id: '8599079a0f80b042ea2bbae495dd8d94') in 0.008261 seconds
  Import took 0.012564 seconds .

========================================================================
Received Import Request.
  Time since last request: 0.028748 seconds.
  path: Assets/Scripts/EnemyController.cs
  artifactKey: Guid(5de34f75e64dba241895dcb9dac1f655) Importer(815301076,1909f56bfc062723c751e8b465ee728b)
Start importing Assets/Scripts/EnemyController.cs using Guid(5de34f75e64dba241895dcb9dac1f655) Importer(815301076,1909f56bfc062723c751e8b465ee728b)  -> (artifact id: '8599079a0f80b042ea2bbae495dd8d94') in 0.004804 seconds
  Import took 0.009208 seconds .

========================================================================
Received Prepare
Registering precompiled user dll's ...
Registered in 0.002248 seconds.
Begin MonoManager ReloadAssembly
Native extension for WindowsStandalone target not found
Refreshing native plugins compatible for Editor in 0.41 ms, found 1 plugins.
Preloading 0 native plugins for Editor in 0.00 ms.
Invoked RoslynAnalysisRunner static constructor.
RoslynAnalysisRunner will not be running.
RoslynAnalysisRunner has terminated.
Mono: successfully reloaded assembly
- Completed reload, in  1.237 seconds
Platform modules already initialized, skipping
Refreshing native plugins compatible for Editor in 0.41 ms, found 1 plugins.
Preloading 0 native plugins for Editor in 0.00 ms.
Unloading 1805 Unused Serialized files (Serialized files now loaded: 0)
System memory in use before: 88.3 MB.
System memory in use after: 88.3 MB.

Unloading 12 unused Assets to reduce memory usage. Loaded Objects now: 2388.
Total: 3.359000 ms (FindLiveObjects: 0.309800 ms CreateObjectMapping: 0.198200 ms MarkObjects: 2.692600 ms  DeleteObjects: 0.157100 ms)

========================================================================
Received Import Request.
  Time since last request: 9.773142 seconds.
  path: Assets/Scripts/enem.cs
  artifactKey: Guid(5de34f75e64dba241895dcb9dac1f655) Importer(815301076,1909f56bfc062723c751e8b465ee728b)
Start importing Assets/Scripts/enem.cs using Guid(5de34f75e64dba241895dcb9dac1f655) Importer(815301076,1909f56bfc062723c751e8b465ee728b)  -> (artifact id: '35ed8c6d510f58e42e66c2dea4d0af00') in 0.008928 seconds
  Import took 0.013494 seconds .

========================================================================
Received Prepare
Registering precompiled user dll's ...
Registered in 0.002283 seconds.
Begin MonoManager ReloadAssembly
Native extension for WindowsStandalone target not found
Refreshing native plugins compatible for Editor in 0.43 ms, found 1 plugins.
Preloading 0 native plugins for Editor in 0.00 ms.
Invoked RoslynAnalysisRunner static constructor.
RoslynAnalysisRunner will not be running.
RoslynAnalysisRunner has terminated.
Mono: successfully reloaded assembly
- Completed reload, in  1.099 seconds
Platform modules already initialized, skipping
Refreshing native plugins compatible for Editor in 0.48 ms, found 1 plugins.
Preloading 0 native plugins for Editor in 0.00 ms.
Unloading 1805 Unused Serialized files (Serialized files now loaded: 0)
System memory in use before: 88.3 MB.
System memory in use after: 88.3 MB.

Unloading 12 unused Assets to reduce memory usage. Loaded Objects now: 2392.
Total: 2.730800 ms (FindLiveObjects: 0.214000 ms CreateObjectMapping: 0.082700 ms MarkObjects: 2.286200 ms  DeleteObjects: 0.146400 ms)

========================================================================
Received Import Request.
  Time since last request: 11.957480 seconds.
  path: Assets/Scripts/EnemyController.cs
  artifactKey: Guid(76a2b11f30a46b84cb1c5ef2530538e1) Importer(815301076,1909f56bfc062723c751e8b465ee728b)
Start importing Assets/Scripts/EnemyController.cs using Guid(76a2b11f30a46b84cb1c5ef2530538e1) Importer(815301076,1909f56bfc062723c751e8b465ee728b)  -> (artifact id: '7c051bed0fdda7131a5b1ba4d2186aee') in 0.007963 seconds
  Import took 0.012236 seconds .

========================================================================
Received Prepare
Registering precompiled user dll's ...
Registered in 0.002267 seconds.
Begin MonoManager ReloadAssembly
Native extension for WindowsStandalone target not found
Refreshing native plugins compatible for Editor in 0.42 ms, found 1 plugins.
Preloading 0 native plugins for Editor in 0.00 ms.
Invoked RoslynAnalysisRunner static constructor.
RoslynAnalysisRunner will not be running.
RoslynAnalysisRunner has terminated.
Mono: successfully reloaded assembly
- Completed reload, in  1.296 seconds
Platform modules already initialized, skipping
Refreshing native plugins compatible for Editor in 0.46 ms, found 1 plugins.
Preloading 0 native plugins for Editor in 0.00 ms.
Unloading 1806 Unused Serialized files (Serialized files now loaded: 0)
System memory in use before: 88.3 MB.
System memory in use after: 88.3 MB.

Unloading 12 unused Assets to reduce memory usage. Loaded Objects now: 2397.
Total: 2.812800 ms (FindLiveObjects: 0.284700 ms CreateObjectMapping: 0.174300 ms MarkObjects: 2.203700 ms  DeleteObjects: 0.149100 ms)

========================================================================
Received Prepare
Registering precompiled user dll's ...
Registered in 0.002098 seconds.
Begin MonoManager ReloadAssembly
Native extension for WindowsStandalone target not found
Refreshing native plugins compatible for Editor in 0.45 ms, found 1 plugins.
Preloading 0 native plugins for Editor in 0.00 ms.
Invoked RoslynAnalysisRunner static constructor.
RoslynAnalysisRunner will not be running.
RoslynAnalysisRunner has terminated.
Mono: successfully reloaded assembly
- Completed reload, in  1.437 seconds
Platform modules already initialized, skipping
Refreshing native plugins compatible for Editor in 0.69 ms, found 1 plugins.
Preloading 0 native plugins for Editor in 0.00 ms.
Unloading 1806 Unused Serialized files (Serialized files now loaded: 0)
System memory in use before: 88.3 MB.
System memory in use after: 88.3 MB.

Unloading 12 unused Assets to reduce memory usage. Loaded Objects now: 2401.
Total: 3.031200 ms (FindLiveObjects: 0.283400 ms CreateObjectMapping: 0.165500 ms MarkObjects: 2.408100 ms  DeleteObjects: 0.172500 ms)

========================================================================
Received Prepare
Registering precompiled user dll's ...
Registered in 0.003638 seconds.
Begin MonoManager ReloadAssembly
Native extension for WindowsStandalone target not found
Refreshing native plugins compatible for Editor in 0.51 ms, found 1 plugins.
Preloading 0 native plugins for Editor in 0.00 ms.
Invoked RoslynAnalysisRunner static constructor.
RoslynAnalysisRunner will not be running.
RoslynAnalysisRunner has terminated.
Mono: successfully reloaded assembly
- Completed reload, in  1.146 seconds
Platform modules already initialized, skipping
Refreshing native plugins compatible for Editor in 0.42 ms, found 1 plugins.
Preloading 0 native plugins for Editor in 0.00 ms.
Unloading 1806 Unused Serialized files (Serialized files now loaded: 0)
System memory in use before: 88.3 MB.
System memory in use after: 88.3 MB.

Unloading 12 unused Assets to reduce memory usage. Loaded Objects now: 2405.
Total: 3.005500 ms (FindLiveObjects: 0.394600 ms CreateObjectMapping: 0.137100 ms MarkObjects: 2.317600 ms  DeleteObjects: 0.154300 ms)

========================================================================
Received Import Request.
  Time since last request: 26.416297 seconds.
  path: Assets/Prefabs/Bot.prefab
  artifactKey: Guid(b788a09e77c41dd4399a4316657bd518) Importer(815301076,1909f56bfc062723c751e8b465ee728b)
Start importing Assets/Prefabs/Bot.prefab using Guid(b788a09e77c41dd4399a4316657bd518) Importer(815301076,1909f56bfc062723c751e8b465ee728b) BlendTree "Blend Tree" in state "Blend Tree" in Controller "Robot" uses parameter "Blend" which does not exist.
UnityEngine.StackTraceUtility:ExtractStackTrace ()
UnityEditor.EditorUtility:Internal_InstantiateRemoveAllNonAnimationComponentsSingle (UnityEngine.Object,UnityEngine.Vector3,UnityEngine.Quaternion)
UnityEditor.EditorUtility:InstantiateRemoveAllNonAnimationComponents (UnityEngine.Object,UnityEngine.Vector3,UnityEngine.Quaternion)
UnityEditor.EditorUtility:InstantiateForAnimatorPreview (UnityEngine.Object)
UnityEditor.GameObjectInspector/PreviewData:UpdateGameObject (UnityEngine.Object)
UnityEditor.GameObjectInspector/PreviewData:.ctor (UnityEngine.Object)
UnityEditor.GameObjectInspector:GetPreviewData ()
UnityEditor.GameObjectInspector:RenderStaticPreview (string,UnityEngine.Object[],int,int)
UnityEditor.AssetPreviewUpdater:CreatePreviewForAsset (UnityEngine.Object,UnityEngine.Object[],string)

[C:\buildslave\unity\build\Modules\Animation\AnimatorController.cpp line 975]

 -> (artifact id: '38ca6e829bd24e229b74800a3ce333f3') in 0.078301 seconds
  Import took 0.082860 seconds .

========================================================================
Received Import Request.
  Time since last request: 0.072926 seconds.
  path: Assets/Prefabs/Bot.prefab
  artifactKey: Guid(b788a09e77c41dd4399a4316657bd518) Importer(815301076,1909f56bfc062723c751e8b465ee728b)
Start importing Assets/Prefabs/Bot.prefab using Guid(b788a09e77c41dd4399a4316657bd518) Importer(815301076,1909f56bfc062723c751e8b465ee728b) BlendTree "Blend Tree" in state "Blend Tree" in Controller "Robot" uses parameter "Blend" which does not exist.
UnityEngine.StackTraceUtility:ExtractStackTrace ()
UnityEditor.EditorUtility:Internal_InstantiateRemoveAllNonAnimationComponentsSingle (UnityEngine.Object,UnityEngine.Vector3,UnityEngine.Quaternion)
UnityEditor.EditorUtility:InstantiateRemoveAllNonAnimationComponents (UnityEngine.Object,UnityEngine.Vector3,UnityEngine.Quaternion)
UnityEditor.EditorUtility:InstantiateForAnimatorPreview (UnityEngine.Object)
UnityEditor.GameObjectInspector/PreviewData:UpdateGameObject (UnityEngine.Object)
UnityEditor.GameObjectInspector/PreviewData:.ctor (UnityEngine.Object)
UnityEditor.GameObjectInspector:GetPreviewData ()
UnityEditor.GameObjectInspector:RenderStaticPreview (string,UnityEngine.Object[],int,int)
UnityEditor.AssetPreviewUpdater:CreatePreviewForAsset (UnityEngine.Object,UnityEngine.Object[],string)

[C:\buildslave\unity\build\Modules\Animation\AnimatorController.cpp line 975]

 -> (artifact id: '38ca6e829bd24e229b74800a3ce333f3') in 0.017526 seconds
  Import took 0.021931 seconds .

========================================================================
Received Prepare
Registering precompiled user dll's ...
Registered in 0.002752 seconds.
Begin MonoManager ReloadAssembly
Native extension for WindowsStandalone target not found
Refreshing native plugins compatible for Editor in 0.44 ms, found 1 plugins.
Preloading 0 native plugins for Editor in 0.00 ms.
Invoked RoslynAnalysisRunner static constructor.
RoslynAnalysisRunner will not be running.
RoslynAnalysisRunner has terminated.
Mono: successfully reloaded assembly
- Completed reload, in  1.136 seconds
Platform modules already initialized, skipping
Refreshing native plugins compatible for Editor in 0.43 ms, found 1 plugins.
Preloading 0 native plugins for Editor in 0.00 ms.
Unloading 1805 Unused Serialized files (Serialized files now loaded: 0)
System memory in use before: 88.3 MB.
System memory in use after: 88.3 MB.

Unloading 13 unused Assets to reduce memory usage. Loaded Objects now: 2409.
Total: 2.847900 ms (FindLiveObjects: 0.237800 ms CreateObjectMapping: 0.107200 ms MarkObjects: 2.336800 ms  DeleteObjects: 0.148800 ms)

========================================================================
Received Prepare
Registering precompiled user dll's ...
Registered in 0.002206 seconds.
Begin MonoManager ReloadAssembly
Native extension for WindowsStandalone target not found
Refreshing native plugins compatible for Editor in 0.41 ms, found 1 plugins.
Preloading 0 native plugins for Editor in 0.00 ms.
Invoked RoslynAnalysisRunner static constructor.
RoslynAnalysisRunner will not be running.
RoslynAnalysisRunner has terminated.
Mono: successfully reloaded assembly
- Completed reload, in  1.127 seconds
Platform modules already initialized, skipping
Refreshing native plugins compatible for Editor in 0.41 ms, found 1 plugins.
Preloading 0 native plugins for Editor in 0.00 ms.
Unloading 1805 Unused Serialized files (Serialized files now loaded: 0)
System memory in use before: 88.3 MB.
System memory in use after: 88.3 MB.

Unloading 12 unused Assets to reduce memory usage. Loaded Objects now: 2413.
Total: 2.979000 ms (FindLiveObjects: 0.235600 ms CreateObjectMapping: 0.095200 ms MarkObjects: 2.440600 ms  DeleteObjects: 0.206000 ms)

========================================================================
Received Import Request.
  Time since last request: 61.614803 seconds.
  path: Assets/Prefabs/Bot.prefab
  artifactKey: Guid(b788a09e77c41dd4399a4316657bd518) Importer(815301076,1909f56bfc062723c751e8b465ee728b)
Start importing Assets/Prefabs/Bot.prefab using Guid(b788a09e77c41dd4399a4316657bd518) Importer(815301076,1909f56bfc062723c751e8b465ee728b) BlendTree "Blend Tree" in state "Blend Tree" in Controller "Robot" uses parameter "Blend" which does not exist.
UnityEngine.StackTraceUtility:ExtractStackTrace ()
UnityEditor.EditorUtility:Internal_InstantiateRemoveAllNonAnimationComponentsSingle (UnityEngine.Object,UnityEngine.Vector3,UnityEngine.Quaternion)
UnityEditor.EditorUtility:InstantiateRemoveAllNonAnimationComponents (UnityEngine.Object,UnityEngine.Vector3,UnityEngine.Quaternion)
UnityEditor.EditorUtility:InstantiateForAnimatorPreview (UnityEngine.Object)
UnityEditor.GameObjectInspector/PreviewData:UpdateGameObject (UnityEngine.Object)
UnityEditor.GameObjectInspector/PreviewData:.ctor (UnityEngine.Object)
UnityEditor.GameObjectInspector:GetPreviewData ()
UnityEditor.GameObjectInspector:RenderStaticPreview (string,UnityEngine.Object[],int,int)
UnityEditor.AssetPreviewUpdater:CreatePreviewForAsset (UnityEngine.Object,UnityEngine.Object[],string)

[C:\buildslave\unity\build\Modules\Animation\AnimatorController.cpp line 975]

 -> (artifact id: '296d2dd63ceb0f7fca2addf931325052') in 0.069774 seconds
  Import took 0.074393 seconds .

========================================================================
Received Prepare
Registering precompiled user dll's ...
Registered in 0.002221 seconds.
Begin MonoManager ReloadAssembly
Native extension for WindowsStandalone target not found
Refreshing native plugins compatible for Editor in 0.44 ms, found 1 plugins.
Preloading 0 native plugins for Editor in 0.00 ms.
Invoked RoslynAnalysisRunner static constructor.
RoslynAnalysisRunner will not be running.
RoslynAnalysisRunner has terminated.
Mono: successfully reloaded assembly
- Completed reload, in  1.487 seconds
Platform modules already initialized, skipping
Refreshing native plugins compatible for Editor in 0.56 ms, found 1 plugins.
Preloading 0 native plugins for Editor in 0.00 ms.
Unloading 1805 Unused Serialized files (Serialized files now loaded: 0)
System memory in use before: 88.3 MB.
System memory in use after: 88.3 MB.

Unloading 12 unused Assets to reduce memory usage. Loaded Objects now: 2418.
Total: 2.762900 ms (FindLiveObjects: 0.353600 ms CreateObjectMapping: 0.087600 ms MarkObjects: 2.181000 ms  DeleteObjects: 0.139300 ms)

AssetImportWorkerClient::OnTransportError - code=2 error=End of file
