Using pre-set license
Built from '2020.3/staging' branch; Version is '2020.3.0f1 (c7b5465681fb) revision 13088070'; Using compiler version '192528614'; Build Type 'Release'
OS: 'Windows 10 Pro; OS build 19043.1348; Version 2009; 64bit' Language: 'es' Physical Memory: 16300 MB
BatchMode: 1, IsHumanControllingUs: 0, StartBugReporterOnCrash: 0, Is64bit: 1, IsPro: 0

 COMMAND LINE ARGUMENTS:
C:\Program Files\Unity\Hub\Editor\2020.3.0f1\Editor\Unity.exe
-adb2
-batchMode
-noUpm
-name
AssetImportWorker0
-projectPath
C:/Users/Usser/Desktop/REPOS/UnityInfBasica/JuegoFBorras/JuegoUnity
-logFile
Logs/AssetImportWorker0.log
-srvPort
58872
Successfully changed project path to: C:/Users/Usser/Desktop/REPOS/UnityInfBasica/JuegoFBorras/JuegoUnity
C:/Users/Usser/Desktop/REPOS/UnityInfBasica/JuegoFBorras/JuegoUnity
Using Asset Import Pipeline V2.
Refreshing native plugins compatible for Editor in 48.23 ms, found 1 plugins.
Preloading 0 native plugins for Editor in 0.00 ms.
Initialize engine version: 2020.3.0f1 (c7b5465681fb)
[Subsystems] Discovering subsystems at path C:/Program Files/Unity/Hub/Editor/2020.3.0f1/Editor/Data/Resources/UnitySubsystems
[Subsystems] Discovering subsystems at path C:/Users/Usser/Desktop/REPOS/UnityInfBasica/JuegoFBorras/JuegoUnity/Assets
GfxDevice: creating device client; threaded=0
Direct3D:
    Version:  Direct3D 11.0 [level 11.0]
    Renderer: NVIDIA GeForce GT 740M (ID=0x1292)
    Vendor:   
    VRAM:     2020 MB
    Driver:   21.21.13.7654
Initialize mono
Mono path[0] = 'C:/Program Files/Unity/Hub/Editor/2020.3.0f1/Editor/Data/Managed'
Mono path[1] = 'C:/Program Files/Unity/Hub/Editor/2020.3.0f1/Editor/Data/MonoBleedingEdge/lib/mono/unityjit'
Mono config path = 'C:/Program Files/Unity/Hub/Editor/2020.3.0f1/Editor/Data/MonoBleedingEdge/etc'
Using monoOptions --debugger-agent=transport=dt_socket,embedding=1,server=y,suspend=n,address=127.0.0.1:56552
Begin MonoManager ReloadAssembly
Registering precompiled unity dll's ...
Register platform support module: C:/Program Files/Unity/Hub/Editor/2020.3.0f1/Editor/Data/PlaybackEngines/WindowsStandaloneSupport/UnityEditor.WindowsStandalone.Extensions.dll
Registered in 0.006344 seconds.
Native extension for WindowsStandalone target not found
Refreshing native plugins compatible for Editor in 50.98 ms, found 1 plugins.
Preloading 0 native plugins for Editor in 0.00 ms.
Invoked RoslynAnalysisRunner static constructor.
RoslynAnalysisRunner will not be running.
RoslynAnalysisRunner has terminated.
Mono: successfully reloaded assembly
- Completed reload, in  6.774 seconds
Platform modules already initialized, skipping
Registering precompiled user dll's ...
Registered in 0.002293 seconds.
Begin MonoManager ReloadAssembly
Native extension for WindowsStandalone target not found
Refreshing native plugins compatible for Editor in 70.71 ms, found 1 plugins.
Preloading 0 native plugins for Editor in 0.00 ms.
Invoked RoslynAnalysisRunner static constructor.
RoslynAnalysisRunner will not be running.
RoslynAnalysisRunner has terminated.
Mono: successfully reloaded assembly
- Completed reload, in  1.430 seconds
Platform modules already initialized, skipping
========================================================================
Worker process is ready to serve import requests
Launched and connected shader compiler UnityShaderCompiler.exe after 0.07 seconds
Refreshing native plugins compatible for Editor in 0.59 ms, found 1 plugins.
Preloading 0 native plugins for Editor in 0.00 ms.
Unloading 1959 Unused Serialized files (Serialized files now loaded: 0)
System memory in use before: 89.7 MB.
System memory in use after: 89.7 MB.

Unloading 25 unused Assets to reduce memory usage. Loaded Objects now: 2402.
Total: 3.295800 ms (FindLiveObjects: 0.340900 ms CreateObjectMapping: 0.198200 ms MarkObjects: 2.584800 ms  DeleteObjects: 0.170500 ms)

========================================================================
Received Import Request.
  path: ProjectSettings/TagManager.asset
  artifactKey: Guid(00000000000000003000000000000000) Importer(815301076,1909f56bfc062723c751e8b465ee728b)
Start importing ProjectSettings/TagManager.asset using Guid(00000000000000003000000000000000) Importer(815301076,1909f56bfc062723c751e8b465ee728b)  -> (artifact id: '050a4d0b38bb7bed5657fd71c0a7bfab') in 0.293440 seconds
  Import took 0.297868 seconds .

========================================================================
Received Prepare
Registering precompiled user dll's ...
Registered in 0.003092 seconds.
Begin MonoManager ReloadAssembly
Native extension for WindowsStandalone target not found
Refreshing native plugins compatible for Editor in 0.43 ms, found 1 plugins.
Preloading 0 native plugins for Editor in 0.00 ms.
Invoked RoslynAnalysisRunner static constructor.
RoslynAnalysisRunner will not be running.
RoslynAnalysisRunner has terminated.
Mono: successfully reloaded assembly
- Completed reload, in  1.221 seconds
Platform modules already initialized, skipping
Refreshing native plugins compatible for Editor in 0.45 ms, found 1 plugins.
Preloading 0 native plugins for Editor in 0.00 ms.
Unloading 1952 Unused Serialized files (Serialized files now loaded: 0)
System memory in use before: 89.6 MB.
System memory in use after: 89.6 MB.

Unloading 14 unused Assets to reduce memory usage. Loaded Objects now: 2406.
Total: 3.188300 ms (FindLiveObjects: 0.329800 ms CreateObjectMapping: 0.180100 ms MarkObjects: 2.541500 ms  DeleteObjects: 0.135800 ms)

========================================================================
Received Import Request.
  Time since last request: 2518.720852 seconds.
  path: Assets/Art/Sprites/Bot.png
  artifactKey: Guid(3c9c37178b63244478ed70829f2fd23f) Importer(815301076,1909f56bfc062723c751e8b465ee728b)
Start importing Assets/Art/Sprites/Bot.png using Guid(3c9c37178b63244478ed70829f2fd23f) Importer(815301076,1909f56bfc062723c751e8b465ee728b)  -> (artifact id: '9048dd3d6c8fc4807ae2aee75b9111c0') in 0.244822 seconds
  Import took 0.250302 seconds .

========================================================================
Received Import Request.
  Time since last request: 64.405082 seconds.
  path: Assets/Art/Sprites/VFX/ParticleSpriteAtlas.png
  artifactKey: Guid(bb5bb2f184426a64cac53faa220820f5) Importer(815301076,1909f56bfc062723c751e8b465ee728b)
Start importing Assets/Art/Sprites/VFX/ParticleSpriteAtlas.png using Guid(bb5bb2f184426a64cac53faa220820f5) Importer(815301076,1909f56bfc062723c751e8b465ee728b)  -> (artifact id: '157c7b20b8e512038e8f4cec9a96b883') in 0.013350 seconds
  Import took 0.017939 seconds .

========================================================================
Received Import Request.
  Time since last request: 0.007100 seconds.
  path: Assets/Art/Sprites/VFX/ParticleSpriteAtlas.png
  artifactKey: Guid(bb5bb2f184426a64cac53faa220820f5) Importer(815301076,1909f56bfc062723c751e8b465ee728b)
Start importing Assets/Art/Sprites/VFX/ParticleSpriteAtlas.png using Guid(bb5bb2f184426a64cac53faa220820f5) Importer(815301076,1909f56bfc062723c751e8b465ee728b)  -> (artifact id: '157c7b20b8e512038e8f4cec9a96b883') in 0.010526 seconds
  Import took 0.015402 seconds .

========================================================================
Received Import Request.
  Time since last request: 33.063444 seconds.
  path: Assets/Art/Sprites/VFX/ParticleSpriteAtlas.png
  artifactKey: Guid(bb5bb2f184426a64cac53faa220820f5) Importer(815301076,1909f56bfc062723c751e8b465ee728b)
Start importing Assets/Art/Sprites/VFX/ParticleSpriteAtlas.png using Guid(bb5bb2f184426a64cac53faa220820f5) Importer(815301076,1909f56bfc062723c751e8b465ee728b)  -> (artifact id: '01b434677acd05530492c8e9f82d7bf1') in 0.065745 seconds
  Import took 0.070132 seconds .

========================================================================
Received Import Request.
  Time since last request: 993.334117 seconds.
  path: Assets/Prefabs/SmokeEffect.prefab
  artifactKey: Guid(e5072ec7daf68234c86c06e6c8a55ed6) Importer(815301076,1909f56bfc062723c751e8b465ee728b)
Start importing Assets/Prefabs/SmokeEffect.prefab using Guid(e5072ec7daf68234c86c06e6c8a55ed6) Importer(815301076,1909f56bfc062723c751e8b465ee728b)  -> (artifact id: '85bfc4ff5dd61fa9ff15d2b67599dfec') in 0.021394 seconds
  Import took 0.026537 seconds .

========================================================================
Received Prepare
Registering precompiled user dll's ...
Registered in 0.003481 seconds.
Begin MonoManager ReloadAssembly
Native extension for WindowsStandalone target not found
Refreshing native plugins compatible for Editor in 0.56 ms, found 1 plugins.
Preloading 0 native plugins for Editor in 0.00 ms.
Invoked RoslynAnalysisRunner static constructor.
RoslynAnalysisRunner will not be running.
RoslynAnalysisRunner has terminated.
Mono: successfully reloaded assembly
- Completed reload, in  1.346 seconds
Platform modules already initialized, skipping
Refreshing native plugins compatible for Editor in 0.53 ms, found 1 plugins.
Preloading 0 native plugins for Editor in 0.00 ms.
Unloading 1952 Unused Serialized files (Serialized files now loaded: 0)
System memory in use before: 92.7 MB.
System memory in use after: 92.7 MB.

Unloading 13 unused Assets to reduce memory usage. Loaded Objects now: 2416.
Total: 3.051100 ms (FindLiveObjects: 0.233700 ms CreateObjectMapping: 0.110100 ms MarkObjects: 2.569700 ms  DeleteObjects: 0.136600 ms)

========================================================================
Received Import Request.
  Time since last request: 360.851457 seconds.
  path: Assets/Scripts/EnemyController.cs
  artifactKey: Guid(76a2b11f30a46b84cb1c5ef2530538e1) Importer(815301076,1909f56bfc062723c751e8b465ee728b)
Start importing Assets/Scripts/EnemyController.cs using Guid(76a2b11f30a46b84cb1c5ef2530538e1) Importer(815301076,1909f56bfc062723c751e8b465ee728b)  -> (artifact id: '883ab0f2cb67ac9a20091e9458064dc5') in 0.347190 seconds
  Import took 0.351892 seconds .

========================================================================
Received Import Request.
  Time since last request: 17.044761 seconds.
  path: Assets/Prefabs/Bot.prefab
  artifactKey: Guid(b788a09e77c41dd4399a4316657bd518) Importer(815301076,1909f56bfc062723c751e8b465ee728b)
Start importing Assets/Prefabs/Bot.prefab using Guid(b788a09e77c41dd4399a4316657bd518) Importer(815301076,1909f56bfc062723c751e8b465ee728b)  -> (artifact id: '2a9439e295a69359d2fe141638d30b53') in 0.172748 seconds
  Import took 0.178732 seconds .

========================================================================
Received Import Request.
  Time since last request: 34.909280 seconds.
  path: Assets/Prefabs/Bot.prefab
  artifactKey: Guid(b788a09e77c41dd4399a4316657bd518) Importer(815301076,1909f56bfc062723c751e8b465ee728b)
Start importing Assets/Prefabs/Bot.prefab using Guid(b788a09e77c41dd4399a4316657bd518) Importer(815301076,1909f56bfc062723c751e8b465ee728b)  -> (artifact id: 'c8e81544df6a3a6f0bf4ed7cdb7d2185') in 0.027371 seconds
  Import took 0.032892 seconds .

========================================================================
Received Import Request.
  Time since last request: 16.112928 seconds.
  path: Assets/Prefabs/SmokeEffect.prefab
  artifactKey: Guid(e5072ec7daf68234c86c06e6c8a55ed6) Importer(815301076,1909f56bfc062723c751e8b465ee728b)
Start importing Assets/Prefabs/SmokeEffect.prefab using Guid(e5072ec7daf68234c86c06e6c8a55ed6) Importer(815301076,1909f56bfc062723c751e8b465ee728b)  -> (artifact id: '2edcc67d1783e7dd372716a426447d26') in 0.008046 seconds
  Import took 0.012917 seconds .

========================================================================
Received Import Request.
  Time since last request: 0.011054 seconds.
  path: Assets/Prefabs/Bot.prefab
  artifactKey: Guid(b788a09e77c41dd4399a4316657bd518) Importer(815301076,1909f56bfc062723c751e8b465ee728b)
Start importing Assets/Prefabs/Bot.prefab using Guid(b788a09e77c41dd4399a4316657bd518) Importer(815301076,1909f56bfc062723c751e8b465ee728b)  -> (artifact id: '8f19ed93aadb0740146f0f50dc32f3f0') in 0.019566 seconds
  Import took 0.024508 seconds .

========================================================================
Received Import Request.
  Time since last request: 30.061120 seconds.
  path: Assets/Prefabs/Bot.prefab
  artifactKey: Guid(b788a09e77c41dd4399a4316657bd518) Importer(815301076,1909f56bfc062723c751e8b465ee728b)
Start importing Assets/Prefabs/Bot.prefab using Guid(b788a09e77c41dd4399a4316657bd518) Importer(815301076,1909f56bfc062723c751e8b465ee728b)  -> (artifact id: 'd4ed86a6338707957b817c972ecf953c') in 0.021178 seconds
  Import took 0.026855 seconds .

========================================================================
Received Prepare
Registering precompiled user dll's ...
Registered in 0.002338 seconds.
Begin MonoManager ReloadAssembly
Native extension for WindowsStandalone target not found
Refreshing native plugins compatible for Editor in 0.46 ms, found 1 plugins.
Preloading 0 native plugins for Editor in 0.00 ms.
Invoked RoslynAnalysisRunner static constructor.
RoslynAnalysisRunner will not be running.
RoslynAnalysisRunner has terminated.
Mono: successfully reloaded assembly
- Completed reload, in  1.255 seconds
Platform modules already initialized, skipping
Refreshing native plugins compatible for Editor in 0.51 ms, found 1 plugins.
Preloading 0 native plugins for Editor in 0.00 ms.
Unloading 1952 Unused Serialized files (Serialized files now loaded: 0)
System memory in use before: 92.9 MB.
System memory in use after: 92.9 MB.

Unloading 13 unused Assets to reduce memory usage. Loaded Objects now: 2424.
Total: 2.963700 ms (FindLiveObjects: 0.309500 ms CreateObjectMapping: 0.100500 ms MarkObjects: 2.420200 ms  DeleteObjects: 0.132500 ms)

========================================================================
Received Prepare
Registering precompiled user dll's ...
Registered in 0.002287 seconds.
Begin MonoManager ReloadAssembly
Native extension for WindowsStandalone target not found
Refreshing native plugins compatible for Editor in 0.45 ms, found 1 plugins.
Preloading 0 native plugins for Editor in 0.00 ms.
Invoked RoslynAnalysisRunner static constructor.
RoslynAnalysisRunner will not be running.
RoslynAnalysisRunner has terminated.
Mono: successfully reloaded assembly
- Completed reload, in  1.290 seconds
Platform modules already initialized, skipping
Refreshing native plugins compatible for Editor in 0.48 ms, found 1 plugins.
Preloading 0 native plugins for Editor in 0.00 ms.
Unloading 1952 Unused Serialized files (Serialized files now loaded: 0)
System memory in use before: 92.9 MB.
System memory in use after: 92.9 MB.

Unloading 13 unused Assets to reduce memory usage. Loaded Objects now: 2428.
Total: 3.082100 ms (FindLiveObjects: 0.413100 ms CreateObjectMapping: 0.190000 ms MarkObjects: 2.333100 ms  DeleteObjects: 0.144400 ms)

========================================================================
Received Prepare
Registering precompiled user dll's ...
Registered in 0.002301 seconds.
Begin MonoManager ReloadAssembly
Native extension for WindowsStandalone target not found
Refreshing native plugins compatible for Editor in 0.58 ms, found 1 plugins.
Preloading 0 native plugins for Editor in 0.00 ms.
Invoked RoslynAnalysisRunner static constructor.
RoslynAnalysisRunner will not be running.
RoslynAnalysisRunner has terminated.
Mono: successfully reloaded assembly
- Completed reload, in  1.201 seconds
Platform modules already initialized, skipping
Refreshing native plugins compatible for Editor in 0.46 ms, found 1 plugins.
Preloading 0 native plugins for Editor in 0.00 ms.
Unloading 1952 Unused Serialized files (Serialized files now loaded: 0)
System memory in use before: 92.9 MB.
System memory in use after: 92.9 MB.

Unloading 13 unused Assets to reduce memory usage. Loaded Objects now: 2432.
Total: 3.599700 ms (FindLiveObjects: 0.378400 ms CreateObjectMapping: 0.199400 ms MarkObjects: 2.884900 ms  DeleteObjects: 0.135800 ms)

========================================================================
Received Prepare
Registering precompiled user dll's ...
Registered in 0.002283 seconds.
Begin MonoManager ReloadAssembly
Native extension for WindowsStandalone target not found
Refreshing native plugins compatible for Editor in 0.51 ms, found 1 plugins.
Preloading 0 native plugins for Editor in 0.00 ms.
Invoked RoslynAnalysisRunner static constructor.
RoslynAnalysisRunner will not be running.
RoslynAnalysisRunner has terminated.
Mono: successfully reloaded assembly
- Completed reload, in  1.328 seconds
Platform modules already initialized, skipping
Refreshing native plugins compatible for Editor in 0.47 ms, found 1 plugins.
Preloading 0 native plugins for Editor in 0.00 ms.
Unloading 1952 Unused Serialized files (Serialized files now loaded: 0)
System memory in use before: 92.9 MB.
System memory in use after: 92.9 MB.

Unloading 13 unused Assets to reduce memory usage. Loaded Objects now: 2436.
Total: 2.994500 ms (FindLiveObjects: 0.306900 ms CreateObjectMapping: 0.213400 ms MarkObjects: 2.335900 ms  DeleteObjects: 0.136900 ms)

========================================================================
Received Import Request.
  Time since last request: 414.355966 seconds.
  path: Assets/Prefabs/Bot.prefab
  artifactKey: Guid(b788a09e77c41dd4399a4316657bd518) Importer(815301076,1909f56bfc062723c751e8b465ee728b)
Start importing Assets/Prefabs/Bot.prefab using Guid(b788a09e77c41dd4399a4316657bd518) Importer(815301076,1909f56bfc062723c751e8b465ee728b)  -> (artifact id: '8a6a4cb50fdca79b362d4b6cc6c3571b') in 0.084124 seconds
  Import took 0.090400 seconds .

========================================================================
Received Import Request.
  Time since last request: 0.000424 seconds.
  path: Assets/Prefabs/SmokeEffect.prefab
  artifactKey: Guid(e5072ec7daf68234c86c06e6c8a55ed6) Importer(815301076,1909f56bfc062723c751e8b465ee728b)
Start importing Assets/Prefabs/SmokeEffect.prefab using Guid(e5072ec7daf68234c86c06e6c8a55ed6) Importer(815301076,1909f56bfc062723c751e8b465ee728b)  -> (artifact id: '12b904cb57dab3cf38759f54e60fc4b6') in 0.007644 seconds
  Import took 0.012558 seconds .

========================================================================
Received Prepare
Registering precompiled user dll's ...
Registered in 0.002268 seconds.
Begin MonoManager ReloadAssembly
Native extension for WindowsStandalone target not found
Refreshing native plugins compatible for Editor in 0.45 ms, found 1 plugins.
Preloading 0 native plugins for Editor in 0.00 ms.
Invoked RoslynAnalysisRunner static constructor.
RoslynAnalysisRunner will not be running.
RoslynAnalysisRunner has terminated.
Mono: successfully reloaded assembly
- Completed reload, in  1.237 seconds
Platform modules already initialized, skipping
Refreshing native plugins compatible for Editor in 0.48 ms, found 1 plugins.
Preloading 0 native plugins for Editor in 0.00 ms.
Unloading 1952 Unused Serialized files (Serialized files now loaded: 0)
System memory in use before: 92.9 MB.
System memory in use after: 92.9 MB.

Unloading 13 unused Assets to reduce memory usage. Loaded Objects now: 2441.
Total: 2.862100 ms (FindLiveObjects: 0.249400 ms CreateObjectMapping: 0.118300 ms MarkObjects: 2.360900 ms  DeleteObjects: 0.131900 ms)

========================================================================
Received Import Request.
  Time since last request: 25.743363 seconds.
  path: Assets/Prefabs/Bot.prefab
  artifactKey: Guid(b788a09e77c41dd4399a4316657bd518) Importer(815301076,1909f56bfc062723c751e8b465ee728b)
Start importing Assets/Prefabs/Bot.prefab using Guid(b788a09e77c41dd4399a4316657bd518) Importer(815301076,1909f56bfc062723c751e8b465ee728b)  -> (artifact id: 'f28625b5c5f1d4f40b790bedf9a13212') in 0.078874 seconds
  Import took 0.084274 seconds .

========================================================================
Received Import Request.
  Time since last request: 19.422736 seconds.
  path: Assets/Prefabs/SmokeEffect.prefab
  artifactKey: Guid(e5072ec7daf68234c86c06e6c8a55ed6) Importer(815301076,1909f56bfc062723c751e8b465ee728b)
Start importing Assets/Prefabs/SmokeEffect.prefab using Guid(e5072ec7daf68234c86c06e6c8a55ed6) Importer(815301076,1909f56bfc062723c751e8b465ee728b)  -> (artifact id: '8f942f2d2db8cf5f8c42beae3943c139') in 0.009661 seconds
  Import took 0.015592 seconds .

========================================================================
Received Import Request.
  Time since last request: 23.087913 seconds.
  path: Assets/Prefabs/Bot.prefab
  artifactKey: Guid(b788a09e77c41dd4399a4316657bd518) Importer(815301076,1909f56bfc062723c751e8b465ee728b)
Start importing Assets/Prefabs/Bot.prefab using Guid(b788a09e77c41dd4399a4316657bd518) Importer(815301076,1909f56bfc062723c751e8b465ee728b)  -> (artifact id: 'b562883d9b28f5af8bf37a603ccccef5') in 0.028089 seconds
  Import took 0.033904 seconds .

========================================================================
Received Prepare
Registering precompiled user dll's ...
Registered in 0.002282 seconds.
Begin MonoManager ReloadAssembly
Native extension for WindowsStandalone target not found
Refreshing native plugins compatible for Editor in 0.82 ms, found 1 plugins.
Preloading 0 native plugins for Editor in 0.00 ms.
Invoked RoslynAnalysisRunner static constructor.
RoslynAnalysisRunner will not be running.
RoslynAnalysisRunner has terminated.
Mono: successfully reloaded assembly
- Completed reload, in  1.274 seconds
Platform modules already initialized, skipping
Refreshing native plugins compatible for Editor in 0.46 ms, found 1 plugins.
Preloading 0 native plugins for Editor in 0.00 ms.
Unloading 1952 Unused Serialized files (Serialized files now loaded: 0)
System memory in use before: 93.1 MB.
System memory in use after: 93.1 MB.

Unloading 15 unused Assets to reduce memory usage. Loaded Objects now: 2447.
Total: 3.245200 ms (FindLiveObjects: 0.335800 ms CreateObjectMapping: 0.198900 ms MarkObjects: 2.550700 ms  DeleteObjects: 0.158400 ms)

========================================================================
Received Prepare
Registering precompiled user dll's ...
Registered in 0.002337 seconds.
Begin MonoManager ReloadAssembly
Native extension for WindowsStandalone target not found
Refreshing native plugins compatible for Editor in 0.55 ms, found 1 plugins.
Preloading 0 native plugins for Editor in 0.00 ms.
Invoked RoslynAnalysisRunner static constructor.
RoslynAnalysisRunner will not be running.
RoslynAnalysisRunner has terminated.
Mono: successfully reloaded assembly
- Completed reload, in  1.355 seconds
Platform modules already initialized, skipping
Refreshing native plugins compatible for Editor in 0.46 ms, found 1 plugins.
Preloading 0 native plugins for Editor in 0.00 ms.
Unloading 1952 Unused Serialized files (Serialized files now loaded: 0)
System memory in use before: 93.1 MB.
System memory in use after: 93.1 MB.

Unloading 13 unused Assets to reduce memory usage. Loaded Objects now: 2451.
Total: 3.384400 ms (FindLiveObjects: 0.360100 ms CreateObjectMapping: 0.220600 ms MarkObjects: 2.652400 ms  DeleteObjects: 0.149600 ms)

========================================================================
Received Import Request.
  Time since last request: 67.356708 seconds.
  path: Assets/Prefabs/Bot.prefab
  artifactKey: Guid(b788a09e77c41dd4399a4316657bd518) Importer(815301076,1909f56bfc062723c751e8b465ee728b)
Start importing Assets/Prefabs/Bot.prefab using Guid(b788a09e77c41dd4399a4316657bd518) Importer(815301076,1909f56bfc062723c751e8b465ee728b)  -> (artifact id: '9c2df7693e889211609cdd18ef5d0c2f') in 0.085616 seconds
  Import took 0.090891 seconds .

========================================================================
Received Prepare
Registering precompiled user dll's ...
Registered in 0.003146 seconds.
Begin MonoManager ReloadAssembly
Native extension for WindowsStandalone target not found
Refreshing native plugins compatible for Editor in 0.46 ms, found 1 plugins.
Preloading 0 native plugins for Editor in 0.00 ms.
Invoked RoslynAnalysisRunner static constructor.
RoslynAnalysisRunner will not be running.
RoslynAnalysisRunner has terminated.
Mono: successfully reloaded assembly
- Completed reload, in  1.446 seconds
Platform modules already initialized, skipping
Refreshing native plugins compatible for Editor in 0.61 ms, found 1 plugins.
Preloading 0 native plugins for Editor in 0.00 ms.
Unloading 1952 Unused Serialized files (Serialized files now loaded: 0)
System memory in use before: 93.1 MB.
System memory in use after: 93.1 MB.

Unloading 15 unused Assets to reduce memory usage. Loaded Objects now: 2456.
Total: 2.886700 ms (FindLiveObjects: 0.297500 ms CreateObjectMapping: 0.116800 ms MarkObjects: 2.312300 ms  DeleteObjects: 0.158400 ms)

========================================================================
Received Import Request.
  Time since last request: 469.291634 seconds.
  path: Assets/Art/Sprites/UI
  artifactKey: Guid(bfb96839a89439043a19cb4fb1efcba7) Importer(815301076,1909f56bfc062723c751e8b465ee728b)
Start importing Assets/Art/Sprites/UI using Guid(bfb96839a89439043a19cb4fb1efcba7) Importer(815301076,1909f56bfc062723c751e8b465ee728b)  -> (artifact id: 'e9261bc532f77b3b97325930e1414d35') in 0.012467 seconds
  Import took 0.018482 seconds .

========================================================================
Received Import Request.
  Time since last request: 0.062183 seconds.
  path: Assets/Art/Sprites/UI/CharacterPortrait.png
  artifactKey: Guid(e15de6f8d935253448ee4e7709bd216c) Importer(815301076,1909f56bfc062723c751e8b465ee728b)
Start importing Assets/Art/Sprites/UI/CharacterPortrait.png using Guid(e15de6f8d935253448ee4e7709bd216c) Importer(815301076,1909f56bfc062723c751e8b465ee728b)  -> (artifact id: '70f6f814a93d75ba52f709e4f9fc2d86') in 0.253981 seconds
  Import took 0.261796 seconds .

========================================================================
Received Import Request.
  Time since last request: 0.000679 seconds.
  path: Assets/Art/Sprites/UI/NPCPortrait.png
  artifactKey: Guid(aa3e0837878604144b973aa396ea7dbd) Importer(815301076,1909f56bfc062723c751e8b465ee728b)
Start importing Assets/Art/Sprites/UI/NPCPortrait.png using Guid(aa3e0837878604144b973aa396ea7dbd) Importer(815301076,1909f56bfc062723c751e8b465ee728b)  -> (artifact id: '97da82302de70ec3373cb72c96c25ec2') in 0.049797 seconds
  Import took 0.057494 seconds .

========================================================================
Received Import Request.
  Time since last request: 0.000451 seconds.
  path: Assets/Art/Sprites/UI/UIDialogueBox.png
  artifactKey: Guid(ce5afa1fa1b1e684098419a8455659b0) Importer(815301076,1909f56bfc062723c751e8b465ee728b)
Start importing Assets/Art/Sprites/UI/UIDialogueBox.png using Guid(ce5afa1fa1b1e684098419a8455659b0) Importer(815301076,1909f56bfc062723c751e8b465ee728b)  -> (artifact id: '345415a77a979be4717cb2dd0d20d3ba') in 0.037542 seconds
  Import took 0.043458 seconds .

========================================================================
Received Import Request.
  Time since last request: 0.000461 seconds.
  path: Assets/Art/Sprites/UI/UIBulletIcon.png
  artifactKey: Guid(ca4761f4dd286db43a54d88ad0eb63ba) Importer(815301076,1909f56bfc062723c751e8b465ee728b)
Start importing Assets/Art/Sprites/UI/UIBulletIcon.png using Guid(ca4761f4dd286db43a54d88ad0eb63ba) Importer(815301076,1909f56bfc062723c751e8b465ee728b)  -> (artifact id: 'f3cf56571df27000d4ee0f0a3c44e1b6') in 0.031226 seconds
  Import took 0.038498 seconds .

========================================================================
Received Import Request.
  Time since last request: 0.000446 seconds.
  path: Assets/Art/Sprites/UI/UIHealthFrame.png
  artifactKey: Guid(94d1f28a5aa0ed94b8d3bd15086f4b63) Importer(815301076,1909f56bfc062723c751e8b465ee728b)
Start importing Assets/Art/Sprites/UI/UIHealthFrame.png using Guid(94d1f28a5aa0ed94b8d3bd15086f4b63) Importer(815301076,1909f56bfc062723c751e8b465ee728b)  -> (artifact id: '254c41a4bd041552c672b3458eb21474') in 0.130373 seconds
  Import took 0.137085 seconds .

========================================================================
Received Import Request.
  Time since last request: 0.000683 seconds.
  path: Assets/Art/Sprites/UI/UIHealthBar.png
  artifactKey: Guid(06131b9172a2c144fbb98dd9cb53e741) Importer(815301076,1909f56bfc062723c751e8b465ee728b)
Start importing Assets/Art/Sprites/UI/UIHealthBar.png using Guid(06131b9172a2c144fbb98dd9cb53e741) Importer(815301076,1909f56bfc062723c751e8b465ee728b)  -> (artifact id: '5e162248440c868365a2ee08501e74bf') in 0.082685 seconds
  Import took 0.093922 seconds .

========================================================================
Received Import Request.
  Time since last request: 1733.304306 seconds.
  path: Assets/Scripts/UIHealthBar.cs
  artifactKey: Guid(ebf036c760b83a14ab19fecdaf776fd4) Importer(815301076,1909f56bfc062723c751e8b465ee728b)
Start importing Assets/Scripts/UIHealthBar.cs using Guid(ebf036c760b83a14ab19fecdaf776fd4) Importer(815301076,1909f56bfc062723c751e8b465ee728b)  -> (artifact id: '3e215bc426e49b956de57286a798d08f') in 0.013233 seconds
  Import took 0.026457 seconds .

========================================================================
Received Prepare
Registering precompiled user dll's ...
Registered in 0.004532 seconds.
Begin MonoManager ReloadAssembly
Native extension for WindowsStandalone target not found
Refreshing native plugins compatible for Editor in 0.64 ms, found 1 plugins.
Preloading 0 native plugins for Editor in 0.00 ms.
Invoked RoslynAnalysisRunner static constructor.
RoslynAnalysisRunner will not be running.
RoslynAnalysisRunner has terminated.
Mono: successfully reloaded assembly
- Completed reload, in  2.767 seconds
Platform modules already initialized, skipping
Refreshing native plugins compatible for Editor in 0.97 ms, found 1 plugins.
Preloading 0 native plugins for Editor in 0.00 ms.
Unloading 1953 Unused Serialized files (Serialized files now loaded: 0)
System memory in use before: 93.2 MB.
System memory in use after: 93.2 MB.

Unloading 13 unused Assets to reduce memory usage. Loaded Objects now: 2470.
Total: 4.187700 ms (FindLiveObjects: 0.375800 ms CreateObjectMapping: 0.246800 ms MarkObjects: 3.365700 ms  DeleteObjects: 0.197200 ms)

========================================================================
Received Import Request.
  Time since last request: 173.391732 seconds.
  path: Assets/Scripts/UIHealthBar.cs
  artifactKey: Guid(ebf036c760b83a14ab19fecdaf776fd4) Importer(815301076,1909f56bfc062723c751e8b465ee728b)
Start importing Assets/Scripts/UIHealthBar.cs using Guid(ebf036c760b83a14ab19fecdaf776fd4) Importer(815301076,1909f56bfc062723c751e8b465ee728b)  -> (artifact id: '8c3ed5d282a9f2b435ec7ad4fbc8f8b3') in 0.013092 seconds
  Import took 0.020225 seconds .

========================================================================
Received Import Request.
  Time since last request: 109.072001 seconds.
  path: Assets/Scripts/UIHealthBar.cs
  artifactKey: Guid(ebf036c760b83a14ab19fecdaf776fd4) Importer(815301076,1909f56bfc062723c751e8b465ee728b)
Start importing Assets/Scripts/UIHealthBar.cs using Guid(ebf036c760b83a14ab19fecdaf776fd4) Importer(815301076,1909f56bfc062723c751e8b465ee728b)  -> (artifact id: '3fa2e0d424bbccf02ab8fcf29a0b9555') in 0.007082 seconds
  Import took 0.015979 seconds .

========================================================================
Received Import Request.
  Time since last request: 1.365167 seconds.
  path: Assets/Scripts/RubyController.cs
  artifactKey: Guid(45c87dac29a4b3143a9b6e1bb220cf1c) Importer(815301076,1909f56bfc062723c751e8b465ee728b)
Start importing Assets/Scripts/RubyController.cs using Guid(45c87dac29a4b3143a9b6e1bb220cf1c) Importer(815301076,1909f56bfc062723c751e8b465ee728b)  -> (artifact id: 'd3484199db5ea2f9668ef16acd3f1a77') in 0.007296 seconds
  Import took 0.012346 seconds .

========================================================================
Received Import Request.
  Time since last request: 0.042248 seconds.
  path: Assets/Scripts/RubyController.cs
  artifactKey: Guid(45c87dac29a4b3143a9b6e1bb220cf1c) Importer(815301076,1909f56bfc062723c751e8b465ee728b)
Start importing Assets/Scripts/RubyController.cs using Guid(45c87dac29a4b3143a9b6e1bb220cf1c) Importer(815301076,1909f56bfc062723c751e8b465ee728b)  -> (artifact id: 'd3484199db5ea2f9668ef16acd3f1a77') in 0.006567 seconds
  Import took 0.012115 seconds .

========================================================================
Received Import Request.
  Time since last request: 91.203571 seconds.
  path: Assets/Scripts/RubyController.cs
  artifactKey: Guid(45c87dac29a4b3143a9b6e1bb220cf1c) Importer(815301076,1909f56bfc062723c751e8b465ee728b)
Start importing Assets/Scripts/RubyController.cs using Guid(45c87dac29a4b3143a9b6e1bb220cf1c) Importer(815301076,1909f56bfc062723c751e8b465ee728b)  -> (artifact id: 'fab5c6f17cf92938af736968d669cc4a') in 0.017337 seconds
  Import took 0.036175 seconds .

========================================================================
Received Prepare
Registering precompiled user dll's ...
Registered in 0.002945 seconds.
Begin MonoManager ReloadAssembly
Native extension for WindowsStandalone target not found
Refreshing native plugins compatible for Editor in 0.56 ms, found 1 plugins.
Preloading 0 native plugins for Editor in 0.00 ms.
Invoked RoslynAnalysisRunner static constructor.
RoslynAnalysisRunner will not be running.
RoslynAnalysisRunner has terminated.
Mono: successfully reloaded assembly
- Completed reload, in  2.533 seconds
Platform modules already initialized, skipping
Refreshing native plugins compatible for Editor in 0.55 ms, found 1 plugins.
Preloading 0 native plugins for Editor in 0.00 ms.
Unloading 1953 Unused Serialized files (Serialized files now loaded: 0)
System memory in use before: 93.2 MB.
System memory in use after: 93.2 MB.

Unloading 13 unused Assets to reduce memory usage. Loaded Objects now: 2474.
Total: 3.565200 ms (FindLiveObjects: 0.407700 ms CreateObjectMapping: 0.215900 ms MarkObjects: 2.760100 ms  DeleteObjects: 0.179200 ms)

========================================================================
Received Prepare
Registering precompiled user dll's ...
Registered in 0.003010 seconds.
Begin MonoManager ReloadAssembly
Native extension for WindowsStandalone target not found
Refreshing native plugins compatible for Editor in 0.76 ms, found 1 plugins.
Preloading 0 native plugins for Editor in 0.00 ms.
Invoked RoslynAnalysisRunner static constructor.
RoslynAnalysisRunner will not be running.
RoslynAnalysisRunner has terminated.
Mono: successfully reloaded assembly
- Completed reload, in  2.472 seconds
Platform modules already initialized, skipping
Refreshing native plugins compatible for Editor in 0.58 ms, found 1 plugins.
Preloading 0 native plugins for Editor in 0.00 ms.
Unloading 1953 Unused Serialized files (Serialized files now loaded: 0)
System memory in use before: 93.2 MB.
System memory in use after: 93.2 MB.

Unloading 13 unused Assets to reduce memory usage. Loaded Objects now: 2478.
Total: 3.586900 ms (FindLiveObjects: 0.348200 ms CreateObjectMapping: 0.246900 ms MarkObjects: 2.813900 ms  DeleteObjects: 0.176200 ms)

========================================================================
Received Prepare
Registering precompiled user dll's ...
Registered in 0.003064 seconds.
Begin MonoManager ReloadAssembly
Native extension for WindowsStandalone target not found
Refreshing native plugins compatible for Editor in 0.55 ms, found 1 plugins.
Preloading 0 native plugins for Editor in 0.00 ms.
Invoked RoslynAnalysisRunner static constructor.
RoslynAnalysisRunner will not be running.
RoslynAnalysisRunner has terminated.
Mono: successfully reloaded assembly
- Completed reload, in  1.684 seconds
Platform modules already initialized, skipping
Refreshing native plugins compatible for Editor in 0.56 ms, found 1 plugins.
Preloading 0 native plugins for Editor in 0.00 ms.
Unloading 1953 Unused Serialized files (Serialized files now loaded: 0)
System memory in use before: 93.2 MB.
System memory in use after: 93.2 MB.

Unloading 13 unused Assets to reduce memory usage. Loaded Objects now: 2482.
Total: 3.531700 ms (FindLiveObjects: 0.545600 ms CreateObjectMapping: 0.270600 ms MarkObjects: 2.545100 ms  DeleteObjects: 0.168300 ms)

========================================================================
Received Prepare
Registering precompiled user dll's ...
Registered in 0.002889 seconds.
Begin MonoManager ReloadAssembly
Native extension for WindowsStandalone target not found
Refreshing native plugins compatible for Editor in 0.66 ms, found 1 plugins.
Preloading 0 native plugins for Editor in 0.00 ms.
Invoked RoslynAnalysisRunner static constructor.
RoslynAnalysisRunner will not be running.
RoslynAnalysisRunner has terminated.
Mono: successfully reloaded assembly
- Completed reload, in  2.327 seconds
Platform modules already initialized, skipping
Refreshing native plugins compatible for Editor in 0.87 ms, found 1 plugins.
Preloading 0 native plugins for Editor in 0.00 ms.
Unloading 1953 Unused Serialized files (Serialized files now loaded: 0)
System memory in use before: 93.2 MB.
System memory in use after: 93.2 MB.

Unloading 13 unused Assets to reduce memory usage. Loaded Objects now: 2486.
Total: 5.550800 ms (FindLiveObjects: 0.641500 ms CreateObjectMapping: 0.309700 ms MarkObjects: 4.321700 ms  DeleteObjects: 0.274700 ms)

========================================================================
Received Import Request.
  Time since last request: 1160.189608 seconds.
  path: Assets/Scripts/UIHealthBar.cs
  artifactKey: Guid(ebf036c760b83a14ab19fecdaf776fd4) Importer(815301076,1909f56bfc062723c751e8b465ee728b)
Start importing Assets/Scripts/UIHealthBar.cs using Guid(ebf036c760b83a14ab19fecdaf776fd4) Importer(815301076,1909f56bfc062723c751e8b465ee728b)  -> (artifact id: '46adb680686022bf78d08dd3e08de1a9') in 0.009381 seconds
  Import took 0.014946 seconds .

========================================================================
Received Import Request.
  Time since last request: 0.032213 seconds.
  path: Assets/Scripts/UIHealthBar.cs
  artifactKey: Guid(ebf036c760b83a14ab19fecdaf776fd4) Importer(815301076,1909f56bfc062723c751e8b465ee728b)
Start importing Assets/Scripts/UIHealthBar.cs using Guid(ebf036c760b83a14ab19fecdaf776fd4) Importer(815301076,1909f56bfc062723c751e8b465ee728b)  -> (artifact id: '46adb680686022bf78d08dd3e08de1a9') in 0.004124 seconds
  Import took 0.008395 seconds .

========================================================================
Received Prepare
Registering precompiled user dll's ...
Registered in 0.004746 seconds.
Begin MonoManager ReloadAssembly
Native extension for WindowsStandalone target not found
Refreshing native plugins compatible for Editor in 0.47 ms, found 1 plugins.
Preloading 0 native plugins for Editor in 0.00 ms.
Invoked RoslynAnalysisRunner static constructor.
RoslynAnalysisRunner will not be running.
RoslynAnalysisRunner has terminated.
Mono: successfully reloaded assembly
- Completed reload, in  1.874 seconds
Platform modules already initialized, skipping
Refreshing native plugins compatible for Editor in 0.50 ms, found 1 plugins.
Preloading 0 native plugins for Editor in 0.00 ms.
Unloading 1953 Unused Serialized files (Serialized files now loaded: 0)
System memory in use before: 93.2 MB.
System memory in use after: 93.2 MB.

Unloading 13 unused Assets to reduce memory usage. Loaded Objects now: 2490.
Total: 2.850000 ms (FindLiveObjects: 0.337100 ms CreateObjectMapping: 0.152900 ms MarkObjects: 2.195900 ms  DeleteObjects: 0.162400 ms)

AssetImportWorkerClient::OnTransportError - code=2 error=End of file
